-------------------------------------------------------------------------------
Test set: br.com.pdv.service.ClienteServiceTest
-------------------------------------------------------------------------------
Tests run: 4, Failures: 0, Errors: 4, Skipped: 0, Time elapsed: 35.789 s <<< FAILURE! - in br.com.pdv.service.ClienteServiceTest
deveBuscarTodos(br.com.pdv.service.ClienteServiceTest)  Time elapsed: 0.421 s  <<< ERROR!
java.lang.IllegalStateException: Failed to load ApplicationContext
Caused by: org.springframework.beans.factory.BeanCreationException: Error creating bean with name 'org.springframework.security.oauth2.config.annotation.web.configuration.AuthorizationServerSecurityConfiguration': Injection of autowired dependencies failed; nested exception is java.lang.NumberFormatException: null
Caused by: java.lang.NumberFormatException: null

deveExcluir(br.com.pdv.service.ClienteServiceTest)  Time elapsed: 0.001 s  <<< ERROR!
java.lang.IllegalStateException: Failed to load ApplicationContext
Caused by: org.springframework.beans.factory.BeanCreationException: Error creating bean with name 'org.springframework.security.oauth2.config.annotation.web.configuration.AuthorizationServerSecurityConfiguration': Injection of autowired dependencies failed; nested exception is java.lang.NumberFormatException: null
Caused by: java.lang.NumberFormatException: null

deveAlterar(br.com.pdv.service.ClienteServiceTest)  Time elapsed: 0 s  <<< ERROR!
java.lang.IllegalStateException: Failed to load ApplicationContext
Caused by: org.springframework.beans.factory.BeanCreationException: Error creating bean with name 'org.springframework.security.oauth2.config.annotation.web.configuration.AuthorizationServerSecurityConfiguration': Injection of autowired dependencies failed; nested exception is java.lang.NumberFormatException: null
Caused by: java.lang.NumberFormatException: null

deveSalvar(br.com.pdv.service.ClienteServiceTest)  Time elapsed: 0 s  <<< ERROR!
java.lang.IllegalStateException: Failed to load ApplicationContext
Caused by: org.springframework.beans.factory.BeanCreationException: Error creating bean with name 'org.springframework.security.oauth2.config.annotation.web.configuration.AuthorizationServerSecurityConfiguration': Injection of autowired dependencies failed; nested exception is java.lang.NumberFormatException: null
Caused by: java.lang.NumberFormatException: null

