<?xml version="1.0" encoding="UTF-8"?>
<testsuite xmlns:xsi="http://www.w3.org/2001/XMLSchema-instance" xsi:noNamespaceSchemaLocation="https://maven.apache.org/surefire/maven-surefire-plugin/xsd/surefire-test-report.xsd" name="br.com.pdv.domain.ClienteTest" time="0.968" tests="8" errors="0" skipped="0" failures="0">
  <properties>
[...]
</properties>
  <testcase name="deveValidarMetodoForUpdate" classname="br.com.pdv.domain.ClienteTest" time="0.081"/>
  <testcase name="deveValidarDataCadastro" classname="br.com.pdv.domain.ClienteTest" time="0.003"/>
  <testcase name="deveValidarDataAlteracao" classname="br.com.pdv.domain.ClienteTest" time="0.002"/>
  <testcase name="deveValidarCriacaoDeClienteNaoNulo" classname="br.com.pdv.domain.ClienteTest" time="0.002"/>
  <testcase name="deveValidarEndereco" classname="br.com.pdv.domain.ClienteTest" time="0.007"/>
  <testcase name="deveValidarCpf" classname="br.com.pdv.domain.ClienteTest" time="0.003"/>
  <testcase name="deveValidarNome" classname="br.com.pdv.domain.ClienteTest" time="0.003"/>
  <testcase name="deveValidarSexo" classname="br.com.pdv.domain.ClienteTest" time="0.003"/>
</testsuite>