<?xml version="1.0" encoding="UTF-8"?>
<testsuite xmlns:xsi="http://www.w3.org/2001/XMLSchema-instance" xsi:noNamespaceSchemaLocation="https://maven.apache.org/surefire/maven-surefire-plugin/xsd/surefire-test-report.xsd" name="br.com.pdv.service.ClienteServiceTest" time="35.789" tests="4" errors="4" skipped="0" failures="0">
  <properties>
[...]
</properties>
  <testcase name="deveBuscarTodos" classname="br.com.pdv.service.ClienteServiceTest" time="0.421">
    <error message="Failed to load ApplicationContext" type="java.lang.IllegalStateException">java.lang.IllegalStateException: Failed to load ApplicationContext
Caused by: org.springframework.beans.factory.BeanCreationException: Error creating bean with name 'org.springframework.security.oauth2.config.annotation.web.configuration.AuthorizationServerSecurityConfiguration': Injection of autowired dependencies failed; nested exception is java.lang.NumberFormatException: null
Caused by: java.lang.NumberFormatException: null
</error>
    <system-out><![CDATA[
  .   ____          _            __ _ _
 /\\ / ___'_ __ _ _(_)_ __  __ _ \ \ \ \
( ( )\___ | '_ | '_| | '_ \/ _` | \ \ \ \
 \\/  ___)| |_)| | | | | || (_| |  ) ) ) )
  '  |____| .__|_| |_|_| |_\__, | / / / /
 =========|_|==============|___/=/_/_/_/
 :: Spring Boot ::        (v2.1.5.RELEASE)

2019-06-25 15:06:23.901  INFO 16508 --- [           main] b.c.p.s.ClienteServiceTest               : Starting ClienteServiceTest on CP4475 with PID 16508 (started by User in C:\Projetos_MATERA\META\pdv\pdv)
2019-06-25 15:06:23.966  INFO 16508 --- [           main] b.c.p.s.ClienteServiceTest               : No active profile set, falling back to default profiles: default
2019-06-25 15:06:25.921  INFO 16508 --- [           main] .s.d.r.c.RepositoryConfigurationDelegate : Bootstrapping Spring Data repositories in DEFAULT mode.
2019-06-25 15:06:26.185  INFO 16508 --- [           main] .s.d.r.c.RepositoryConfigurationDelegate : Finished Spring Data repository scanning in 245ms. Found 3 repository interfaces.
2019-06-25 15:06:29.008  INFO 16508 --- [       Thread-5] o.s.b.a.m.e.EmbeddedMongo                : note: noprealloc may hurt performance in many applications
2019-06-25 15:06:29.010  INFO 16508 --- [       Thread-5] o.s.b.a.m.e.EmbeddedMongo                : 2019-06-25T15:06:28.812-0300 I CONTROL  [initandlisten] MongoDB starting : pid=16168 port=64645 dbpath=C:\Users\User\AppData\Local\Temp\embedmongo-db-ee59fea5-4509-4b50-89f4-d6f630183f2c 64-bit host=CP4475
2019-06-25 15:06:29.010  INFO 16508 --- [       Thread-5] o.s.b.a.m.e.EmbeddedMongo                : 2019-06-25T15:06:28.813-0300 I CONTROL  [initandlisten] targetMinOS: Windows Vista/Windows Server 2008
2019-06-25 15:06:29.016  INFO 16508 --- [       Thread-5] o.s.b.a.m.e.EmbeddedMongo                : 2019-06-25T15:06:28.813-0300 I CONTROL  [initandlisten] db version v3.5.5
2019-06-25 15:06:29.016  INFO 16508 --- [       Thread-5] o.s.b.a.m.e.EmbeddedMongo                : 2019-06-25T15:06:28.813-0300 I CONTROL  [initandlisten] git version: 98515c812b6fa893613f063dae568ff8319cbfbd
2019-06-25 15:06:29.023  INFO 16508 --- [       Thread-5] o.s.b.a.m.e.EmbeddedMongo                : 2019-06-25T15:06:28.813-0300 I CONTROL  [initandlisten] allocator: tcmalloc
2019-06-25 15:06:29.025  INFO 16508 --- [       Thread-5] o.s.b.a.m.e.EmbeddedMongo                : 2019-06-25T15:06:28.813-0300 I CONTROL  [initandlisten] modules: none
2019-06-25 15:06:29.026  INFO 16508 --- [       Thread-5] o.s.b.a.m.e.EmbeddedMongo                : 2019-06-25T15:06:28.813-0300 I CONTROL  [initandlisten] build environment:
2019-06-25 15:06:29.026  INFO 16508 --- [       Thread-5] o.s.b.a.m.e.EmbeddedMongo                : 2019-06-25T15:06:28.813-0300 I CONTROL  [initandlisten]     distarch: x86_64
2019-06-25 15:06:29.026  INFO 16508 --- [       Thread-5] o.s.b.a.m.e.EmbeddedMongo                : 2019-06-25T15:06:28.813-0300 I CONTROL  [initandlisten]     target_arch: x86_64
2019-06-25 15:06:29.027  INFO 16508 --- [       Thread-5] o.s.b.a.m.e.EmbeddedMongo                : 2019-06-25T15:06:28.813-0300 I CONTROL  [initandlisten] options: { net: { bindIp: "127.0.0.1", http: { enabled: false }, port: 64645 }, security: { authorization: "disabled" }, storage: { dbPath: "C:\Users\User\AppData\Local\Temp\embedmongo-db-ee59fea5-4509-4b50-89f4-d6f630183f2c", journal: { enabled: false }, mmapv1: { preallocDataFiles: false, smallFiles: true }, syncPeriodSecs: 0.0 } }
2019-06-25 15:06:29.027  INFO 16508 --- [       Thread-5] o.s.b.a.m.e.EmbeddedMongo                : 2019-06-25T15:06:28.814-0300 I STORAGE  [initandlisten] wiredtiger_open config: create,cache_size=3494M,session_max=20000,eviction=(threads_min=4,threads_max=4),config_base=false,statistics=(fast),log=(enabled=true,archive=true,path=journal,compressor=snappy),file_manager=(close_idle_time=100000),checkpoint=(wait=0,log_size=2GB),statistics_log=(wait=0),verbose=(recovery_progress),,log=(enabled=false),
2019-06-25 15:06:29.028  INFO 16508 --- [       Thread-5] o.s.b.a.m.e.EmbeddedMongo                : 2019-06-25T15:06:28.899-0300 W STORAGE  [initandlisten] Detected configuration for non-active storage engine mmapv1 when current storage engine is wiredTiger
2019-06-25 15:06:29.029  INFO 16508 --- [       Thread-5] o.s.b.a.m.e.EmbeddedMongo                : 2019-06-25T15:06:28.899-0300 I CONTROL  [initandlisten] 
2019-06-25 15:06:29.029  INFO 16508 --- [       Thread-5] o.s.b.a.m.e.EmbeddedMongo                : 2019-06-25T15:06:28.899-0300 I CONTROL  [initandlisten] ** NOTE: This is a development version (3.5.5) of MongoDB.
2019-06-25 15:06:29.030  INFO 16508 --- [       Thread-5] o.s.b.a.m.e.EmbeddedMongo                : 2019-06-25T15:06:28.899-0300 I CONTROL  [initandlisten] **       Not recommended for production.
2019-06-25 15:06:29.030  INFO 16508 --- [       Thread-5] o.s.b.a.m.e.EmbeddedMongo                : 2019-06-25T15:06:28.899-0300 I CONTROL  [initandlisten] 
2019-06-25 15:06:29.330  INFO 16508 --- [       Thread-5] o.s.b.a.m.e.EmbeddedMongo                : 2019-06-25T15:06:29.329-0300 W FTDC     [initandlisten] Failed to initialize Performance Counters for FTDC: WindowsPdhError: PdhExpandCounterPathW failed with 'O objeto especificado nÃ£o foi encontrado no computador.' for counter '\Memory\Available Bytes'
2019-06-25 15:06:29.330  INFO 16508 --- [       Thread-5] o.s.b.a.m.e.EmbeddedMongo                : 2019-06-25T15:06:29.329-0300 I FTDC     [initandlisten] Initializing full-time diagnostic data capture with directory 'C:/Users/User/AppData/Local/Temp/embedmongo-db-ee59fea5-4509-4b50-89f4-d6f630183f2c/diagnostic.data'
2019-06-25 15:06:29.380  INFO 16508 --- [       Thread-5] o.s.b.a.m.e.EmbeddedMongo                : 2019-06-25T15:06:29.380-0300 I INDEX    [initandlisten] build index on: admin.system.version properties: { v: 2, key: { version: 1 }, name: "incompatible_with_version_32", ns: "admin.system.version" }
2019-06-25 15:06:29.381  INFO 16508 --- [       Thread-5] o.s.b.a.m.e.EmbeddedMongo                : 2019-06-25T15:06:29.380-0300 I INDEX    [initandlisten] 	 building index using bulk method; build may temporarily use up to 500 megabytes of RAM
2019-06-25 15:06:29.389  INFO 16508 --- [       Thread-5] o.s.b.a.m.e.EmbeddedMongo                : 2019-06-25T15:06:29.389-0300 I INDEX    [initandlisten] build index done.  scanned 0 total records. 0 secs
2019-06-25 15:06:29.391  INFO 16508 --- [       Thread-5] o.s.b.a.m.e.EmbeddedMongo                : 2019-06-25T15:06:29.391-0300 I COMMAND  [initandlisten] setting featureCompatibilityVersion to 3.4
2019-06-25 15:06:29.394  INFO 16508 --- [       Thread-5] o.s.b.a.m.e.EmbeddedMongo                : 2019-06-25T15:06:29.394-0300 I NETWORK  [thread1] waiting for connections on port 64645
2019-06-25 15:06:29.394  INFO 16508 --- [           main] d.f.e.m.MongodExecutable                 : start de.flapdoodle.embed.mongo.config.MongodConfigBuilder$ImmutableMongodConfig@13646aca
2019-06-25 15:06:30.207  INFO 16508 --- [           main] o.m.d.cluster                            : Cluster created with settings {hosts=[localhost:64645], mode=MULTIPLE, requiredClusterType=UNKNOWN, serverSelectionTimeout='30000 ms', maxWaitQueueSize=500}
2019-06-25 15:06:30.208  INFO 16508 --- [           main] o.m.d.cluster                            : Adding discovered server localhost:64645 to client view of cluster
2019-06-25 15:06:30.387  INFO 16508 --- [       Thread-5] o.s.b.a.m.e.EmbeddedMongo                : 2019-06-25T15:06:30.387-0300 I NETWORK  [thread1] connection accepted from 127.0.0.1:64653 #1 (1 connection now open)
2019-06-25 15:06:30.449  INFO 16508 --- [       Thread-5] o.s.b.a.m.e.EmbeddedMongo                : 2019-06-25T15:06:30.449-0300 I NETWORK  [conn1] received client metadata from 127.0.0.1:64653 conn1: { driver: { name: "mongo-java-driver", version: "3.8.2" }, os: { type: "Windows", name: "Windows 10", architecture: "amd64", version: "10.0" }, platform: "Java/Oracle Corporation/1.8.0_191-b12" }
2019-06-25 15:06:30.564  INFO 16508 --- [localhost:64645] o.m.d.connection                         : Opened connection [connectionId{localValue:1, serverValue:1}] to localhost:64645
2019-06-25 15:06:30.574  INFO 16508 --- [localhost:64645] o.m.d.cluster                            : Monitor thread successfully connected to server with description ServerDescription{address=localhost:64645, type=STANDALONE, state=CONNECTED, ok=true, version=ServerVersion{versionList=[3, 5, 5]}, minWireVersion=0, maxWireVersion=5, maxDocumentSize=16777216, logicalSessionTimeoutMinutes=null, roundTripTimeNanos=5099520}
2019-06-25 15:06:30.580  INFO 16508 --- [localhost:64645] o.m.d.cluster                            : Discovered cluster type of STANDALONE
2019-06-25 15:06:31.950  INFO 16508 --- [       Thread-5] o.s.b.a.m.e.EmbeddedMongo                : 2019-06-25T15:06:31.951-0300 I NETWORK  [thread1] connection accepted from 127.0.0.1:64654 #2 (2 connections now open)
2019-06-25 15:06:31.953  INFO 16508 --- [       Thread-5] o.s.b.a.m.e.EmbeddedMongo                : 2019-06-25T15:06:31.953-0300 I NETWORK  [conn2] received client metadata from 127.0.0.1:64654 conn2: { driver: { name: "mongo-java-driver", version: "3.8.2" }, os: { type: "Windows", name: "Windows 10", architecture: "amd64", version: "10.0" }, platform: "Java/Oracle Corporation/1.8.0_191-b12" }
2019-06-25 15:06:31.957  INFO 16508 --- [           main] o.m.d.connection                         : Opened connection [connectionId{localValue:2, serverValue:2}] to localhost:64645
2019-06-25 15:06:33.434  WARN 16508 --- [           main] b.c.p.c.Propriedades                     : Configuracao oauth2.prazo.token nao localizada
2019-06-25 15:06:33.437  WARN 16508 --- [           main] s.c.a.AnnotationConfigApplicationContext : Exception encountered during context initialization - cancelling refresh attempt: org.springframework.beans.factory.BeanCreationException: Error creating bean with name 'org.springframework.security.oauth2.config.annotation.web.configuration.AuthorizationServerSecurityConfiguration': Injection of autowired dependencies failed; nested exception is java.lang.NumberFormatException: null
2019-06-25 15:06:33.478  INFO 16508 --- [           main] o.m.d.connection                         : Closed connection [connectionId{localValue:2, serverValue:2}] to localhost:64645 because the pool has been closed.
2019-06-25 15:06:33.481  INFO 16508 --- [       Thread-5] o.s.b.a.m.e.EmbeddedMongo                : 2019-06-25T15:06:33.481-0300 I -        [conn2] end connection 127.0.0.1:64654 (2 connections now open)
2019-06-25 15:06:33.485  INFO 16508 --- [       Thread-5] o.s.b.a.m.e.EmbeddedMongo                : 2019-06-25T15:06:33.485-0300 I -        [conn1] end connection 127.0.0.1:64653 (1 connection now open)
2019-06-25 15:06:33.492  INFO 16508 --- [       Thread-5] o.s.b.a.m.e.EmbeddedMongo                : 2019-06-25T15:06:33.492-0300 I NETWORK  [thread1] connection accepted from 127.0.0.1:64656 #3 (1 connection now open)
2019-06-25 15:06:33.500  INFO 16508 --- [       Thread-5] o.s.b.a.m.e.EmbeddedMongo                : 2019-06-25T15:06:33.500-0300 I COMMAND  [conn3] terminating, shutdown command received
2019-06-25 15:06:33.504  INFO 16508 --- [       Thread-5] o.s.b.a.m.e.EmbeddedMongo                : 2019-06-25T15:06:33.503-0300 I NETWORK  [conn3] shutdown: going to close listening sockets...
2019-06-25 15:06:33.504  INFO 16508 --- [       Thread-5] o.s.b.a.m.e.EmbeddedMongo                : 2019-06-25T15:06:33.503-0300 I NETWORK  [conn3] closing listening socket: 584
2019-06-25 15:06:33.511  INFO 16508 --- [       Thread-5] o.s.b.a.m.e.EmbeddedMongo                : 2019-06-25T15:06:33.503-0300 I NETWORK  [conn3] shutdown: going to flush diaglog...
2019-06-25 15:06:33.515  INFO 16508 --- [       Thread-5] o.s.b.a.m.e.EmbeddedMongo                : 2019-06-25T15:06:33.515-0300 I FTDC     [conn3] Shutting down full-time diagnostic data capture
2019-06-25 15:06:33.521  INFO 16508 --- [       Thread-5] o.s.b.a.m.e.EmbeddedMongo                : 2019-06-25T15:06:33.520-0300 I STORAGE  [conn3] WiredTigerKVEngine shutting down
2019-06-25 15:06:33.600  INFO 16508 --- [       Thread-5] o.s.b.a.m.e.EmbeddedMongo                : 2019-06-25T15:06:33.600-0300 I STORAGE  [conn3] shutdown: removing fs lock...
2019-06-25 15:06:33.614  INFO 16508 --- [       Thread-5] o.s.b.a.m.e.EmbeddedMongo                : 2019-06-25T15:06:33.614-0300 I CONTROL  [conn3] now exiting
2019-06-25 15:06:33.614  INFO 16508 --- [       Thread-5] o.s.b.a.m.e.EmbeddedMongo                : 2019-06-25T15:06:33.614-0300 I CONTROL  [conn3] shutting down with code:0
2019-06-25 15:06:33.758  INFO 16508 --- [           main] ConditionEvaluationReportLoggingListener : 

Error starting ApplicationContext. To display the conditions report re-run your application with 'debug' enabled.
2019-06-25 15:06:33.767 ERROR 16508 --- [           main] o.s.b.SpringApplication                  : Application run failed

org.springframework.beans.factory.BeanCreationException: Error creating bean with name 'org.springframework.security.oauth2.config.annotation.web.configuration.AuthorizationServerSecurityConfiguration': Injection of autowired dependencies failed; nested exception is java.lang.NumberFormatException: null
	at org.springframework.beans.factory.annotation.AutowiredAnnotationBeanPostProcessor.postProcessProperties(AutowiredAnnotationBeanPostProcessor.java:380) ~[spring-beans-5.1.7.RELEASE.jar:5.1.7.RELEASE]
	at org.springframework.beans.factory.support.AbstractAutowireCapableBeanFactory.populateBean(AbstractAutowireCapableBeanFactory.java:1411) ~[spring-beans-5.1.7.RELEASE.jar:5.1.7.RELEASE]
	at org.springframework.beans.factory.support.AbstractAutowireCapableBeanFactory.doCreateBean(AbstractAutowireCapableBeanFactory.java:592) ~[spring-beans-5.1.7.RELEASE.jar:5.1.7.RELEASE]
	at org.springframework.beans.factory.support.AbstractAutowireCapableBeanFactory.createBean(AbstractAutowireCapableBeanFactory.java:515) ~[spring-beans-5.1.7.RELEASE.jar:5.1.7.RELEASE]
	at org.springframework.beans.factory.support.AbstractBeanFactory.lambda$doGetBean$0(AbstractBeanFactory.java:320) ~[spring-beans-5.1.7.RELEASE.jar:5.1.7.RELEASE]
	at org.springframework.beans.factory.support.DefaultSingletonBeanRegistry.getSingleton(DefaultSingletonBeanRegistry.java:222) ~[spring-beans-5.1.7.RELEASE.jar:5.1.7.RELEASE]
	at org.springframework.beans.factory.support.AbstractBeanFactory.doGetBean(AbstractBeanFactory.java:318) ~[spring-beans-5.1.7.RELEASE.jar:5.1.7.RELEASE]
	at org.springframework.beans.factory.support.AbstractBeanFactory.getBean(AbstractBeanFactory.java:199) ~[spring-beans-5.1.7.RELEASE.jar:5.1.7.RELEASE]
	at org.springframework.beans.factory.support.DefaultListableBeanFactory.preInstantiateSingletons(DefaultListableBeanFactory.java:843) ~[spring-beans-5.1.7.RELEASE.jar:5.1.7.RELEASE]
	at org.springframework.context.support.AbstractApplicationContext.finishBeanFactoryInitialization(AbstractApplicationContext.java:877) ~[spring-context-5.1.7.RELEASE.jar:5.1.7.RELEASE]
	at org.springframework.context.support.AbstractApplicationContext.refresh(AbstractApplicationContext.java:549) ~[spring-context-5.1.7.RELEASE.jar:5.1.7.RELEASE]
	at org.springframework.boot.SpringApplication.refresh(SpringApplication.java:775) [spring-boot-2.1.5.RELEASE.jar:2.1.5.RELEASE]
	at org.springframework.boot.SpringApplication.refreshContext(SpringApplication.java:397) [spring-boot-2.1.5.RELEASE.jar:2.1.5.RELEASE]
	at org.springframework.boot.SpringApplication.run(SpringApplication.java:316) [spring-boot-2.1.5.RELEASE.jar:2.1.5.RELEASE]
	at org.springframework.boot.test.context.SpringBootContextLoader.loadContext(SpringBootContextLoader.java:127) [spring-boot-test-2.1.5.RELEASE.jar:2.1.5.RELEASE]
	at org.springframework.test.context.cache.DefaultCacheAwareContextLoaderDelegate.loadContextInternal(DefaultCacheAwareContextLoaderDelegate.java:99) [spring-test-5.1.7.RELEASE.jar:5.1.7.RELEASE]
	at org.springframework.test.context.cache.DefaultCacheAwareContextLoaderDelegate.loadContext(DefaultCacheAwareContextLoaderDelegate.java:117) [spring-test-5.1.7.RELEASE.jar:5.1.7.RELEASE]
	at org.springframework.test.context.support.DefaultTestContext.getApplicationContext(DefaultTestContext.java:108) [spring-test-5.1.7.RELEASE.jar:5.1.7.RELEASE]
	at org.springframework.test.context.support.DependencyInjectionTestExecutionListener.injectDependencies(DependencyInjectionTestExecutionListener.java:118) [spring-test-5.1.7.RELEASE.jar:5.1.7.RELEASE]
	at org.springframework.test.context.support.DependencyInjectionTestExecutionListener.prepareTestInstance(DependencyInjectionTestExecutionListener.java:83) [spring-test-5.1.7.RELEASE.jar:5.1.7.RELEASE]
	at org.springframework.boot.test.autoconfigure.SpringBootDependencyInjectionTestExecutionListener.prepareTestInstance(SpringBootDependencyInjectionTestExecutionListener.java:44) [spring-boot-test-autoconfigure-2.1.5.RELEASE.jar:2.1.5.RELEASE]
	at org.springframework.test.context.TestContextManager.prepareTestInstance(TestContextManager.java:246) [spring-test-5.1.7.RELEASE.jar:5.1.7.RELEASE]
	at org.springframework.test.context.junit4.SpringJUnit4ClassRunner.createTest(SpringJUnit4ClassRunner.java:227) [spring-test-5.1.7.RELEASE.jar:5.1.7.RELEASE]
	at org.springframework.test.context.junit4.SpringJUnit4ClassRunner$1.runReflectiveCall(SpringJUnit4ClassRunner.java:289) [spring-test-5.1.7.RELEASE.jar:5.1.7.RELEASE]
	at org.junit.internal.runners.model.ReflectiveCallable.run(ReflectiveCallable.java:12) [junit-4.12.jar:4.12]
	at org.springframework.test.context.junit4.SpringJUnit4ClassRunner.methodBlock(SpringJUnit4ClassRunner.java:291) [spring-test-5.1.7.RELEASE.jar:5.1.7.RELEASE]
	at org.springframework.test.context.junit4.SpringJUnit4ClassRunner.runChild(SpringJUnit4ClassRunner.java:246) [spring-test-5.1.7.RELEASE.jar:5.1.7.RELEASE]
	at org.springframework.test.context.junit4.SpringJUnit4ClassRunner.runChild(SpringJUnit4ClassRunner.java:97) [spring-test-5.1.7.RELEASE.jar:5.1.7.RELEASE]
	at org.junit.runners.ParentRunner$3.run(ParentRunner.java:290) [junit-4.12.jar:4.12]
	at org.junit.runners.ParentRunner$1.schedule(ParentRunner.java:71) [junit-4.12.jar:4.12]
	at org.junit.runners.ParentRunner.runChildren(ParentRunner.java:288) [junit-4.12.jar:4.12]
	at org.junit.runners.ParentRunner.access$000(ParentRunner.java:58) [junit-4.12.jar:4.12]
	at org.junit.runners.ParentRunner$2.evaluate(ParentRunner.java:268) [junit-4.12.jar:4.12]
	at org.springframework.test.context.junit4.statements.RunBeforeTestClassCallbacks.evaluate(RunBeforeTestClassCallbacks.java:61) [spring-test-5.1.7.RELEASE.jar:5.1.7.RELEASE]
	at org.springframework.test.context.junit4.statements.RunAfterTestClassCallbacks.evaluate(RunAfterTestClassCallbacks.java:70) [spring-test-5.1.7.RELEASE.jar:5.1.7.RELEASE]
	at org.junit.runners.ParentRunner.run(ParentRunner.java:363) [junit-4.12.jar:4.12]
	at org.springframework.test.context.junit4.SpringJUnit4ClassRunner.run(SpringJUnit4ClassRunner.java:190) [spring-test-5.1.7.RELEASE.jar:5.1.7.RELEASE]
	at org.powermock.modules.junit4.internal.impl.DelegatingPowerMockRunner$2.call(DelegatingPowerMockRunner.java:149) [powermock-module-junit4-2.0.2.jar:2.0.2]
	at org.powermock.modules.junit4.internal.impl.DelegatingPowerMockRunner$2.call(DelegatingPowerMockRunner.java:141) [powermock-module-junit4-2.0.2.jar:2.0.2]
	at org.powermock.modules.junit4.internal.impl.DelegatingPowerMockRunner.withContextClassLoader(DelegatingPowerMockRunner.java:132) [powermock-module-junit4-2.0.2.jar:2.0.2]
	at org.powermock.modules.junit4.internal.impl.DelegatingPowerMockRunner.run(DelegatingPowerMockRunner.java:141) [powermock-module-junit4-2.0.2.jar:2.0.2]
	at org.powermock.modules.junit4.common.internal.impl.JUnit4TestSuiteChunkerImpl.run(JUnit4TestSuiteChunkerImpl.java:117) [powermock-module-junit4-common-2.0.2.jar:2.0.2]
	at org.powermock.modules.junit4.common.internal.impl.AbstractCommonPowerMockRunner.run(AbstractCommonPowerMockRunner.java:57) [powermock-module-junit4-common-2.0.2.jar:2.0.2]
	at org.powermock.modules.junit4.PowerMockRunner.run(PowerMockRunner.java:59) [powermock-module-junit4-2.0.2.jar:2.0.2]
	at org.apache.maven.surefire.junit4.JUnit4Provider.execute(JUnit4Provider.java:365) [surefire-junit4-2.22.2.jar:2.22.2]
	at org.apache.maven.surefire.junit4.JUnit4Provider.executeWithRerun(JUnit4Provider.java:273) [surefire-junit4-2.22.2.jar:2.22.2]
	at org.apache.maven.surefire.junit4.JUnit4Provider.executeTestSet(JUnit4Provider.java:238) [surefire-junit4-2.22.2.jar:2.22.2]
	at org.apache.maven.surefire.junit4.JUnit4Provider.invoke(JUnit4Provider.java:159) [surefire-junit4-2.22.2.jar:2.22.2]
	at org.apache.maven.surefire.booter.ForkedBooter.invokeProviderInSameClassLoader(ForkedBooter.java:384) [surefire-booter-2.22.2.jar:2.22.2]
	at org.apache.maven.surefire.booter.ForkedBooter.runSuitesInProcess(ForkedBooter.java:345) [surefire-booter-2.22.2.jar:2.22.2]
	at org.apache.maven.surefire.booter.ForkedBooter.execute(ForkedBooter.java:126) [surefire-booter-2.22.2.jar:2.22.2]
	at org.apache.maven.surefire.booter.ForkedBooter.main(ForkedBooter.java:418) [surefire-booter-2.22.2.jar:2.22.2]
Caused by: java.lang.NumberFormatException: null
	at java.lang.Integer.parseInt(Integer.java:542) ~[?:1.8.0_191]
	at java.lang.Integer.valueOf(Integer.java:766) ~[?:1.8.0_191]
	at br.com.pdv.security.AuthorizationServerConfiguration.inicializaCredenciais(AuthorizationServerConfiguration.java:51) ~[classes/:?]
	at br.com.pdv.security.AuthorizationServerConfiguration.configure(AuthorizationServerConfiguration.java:39) ~[classes/:?]
	at org.springframework.security.oauth2.config.annotation.web.configuration.AuthorizationServerSecurityConfiguration.configure(AuthorizationServerSecurityConfiguration.java:58) ~[spring-security-oauth2-2.3.5.RELEASE.jar:?]
	at sun.reflect.NativeMethodAccessorImpl.invoke0(Native Method) ~[?:1.8.0_191]
	at sun.reflect.NativeMethodAccessorImpl.invoke(NativeMethodAccessorImpl.java:62) ~[?:1.8.0_191]
	at sun.reflect.DelegatingMethodAccessorImpl.invoke(DelegatingMethodAccessorImpl.java:43) ~[?:1.8.0_191]
	at java.lang.reflect.Method.invoke(Method.java:498) ~[?:1.8.0_191]
	at org.springframework.beans.factory.annotation.AutowiredAnnotationBeanPostProcessor$AutowiredMethodElement.inject(AutowiredAnnotationBeanPostProcessor.java:708) ~[spring-beans-5.1.7.RELEASE.jar:5.1.7.RELEASE]
	at org.springframework.beans.factory.annotation.InjectionMetadata.inject(InjectionMetadata.java:90) ~[spring-beans-5.1.7.RELEASE.jar:5.1.7.RELEASE]
	at org.springframework.beans.factory.annotation.AutowiredAnnotationBeanPostProcessor.postProcessProperties(AutowiredAnnotationBeanPostProcessor.java:374) ~[spring-beans-5.1.7.RELEASE.jar:5.1.7.RELEASE]
	... 51 more


  .   ____          _            __ _ _
 /\\ / ___'_ __ _ _(_)_ __  __ _ \ \ \ \
( ( )\___ | '_ | '_| | '_ \/ _` | \ \ \ \
 \\/  ___)| |_)| | | | | || (_| |  ) ) ) )
  '  |____| .__|_| |_|_| |_\__, | / / / /
 =========|_|==============|___/=/_/_/_/
 :: Spring Boot ::        (v2.1.5.RELEASE)

2019-06-25 18:06:33.995  INFO 16508 --- [           main] b.c.p.s.ClienteServiceTest               : Starting ClienteServiceTest on CP4475 with PID 16508 (started by User in C:\Projetos_MATERA\META\pdv\pdv)
2019-06-25 18:06:33.997  INFO 16508 --- [           main] b.c.p.s.ClienteServiceTest               : No active profile set, falling back to default profiles: default
2019-06-25 18:06:34.387  INFO 16508 --- [           main] .s.d.r.c.RepositoryConfigurationDelegate : Bootstrapping Spring Data repositories in DEFAULT mode.
2019-06-25 18:06:34.451  INFO 16508 --- [           main] .s.d.r.c.RepositoryConfigurationDelegate : Finished Spring Data repository scanning in 63ms. Found 3 repository interfaces.
2019-06-25 18:06:35.071  INFO 16508 --- [       Thread-8] o.s.b.a.m.e.EmbeddedMongo                : note: noprealloc may hurt performance in many applications
2019-06-25 18:06:35.155  INFO 16508 --- [       Thread-8] o.s.b.a.m.e.EmbeddedMongo                : 2019-06-25T15:06:35.155-0300 I CONTROL  [initandlisten] MongoDB starting : pid=3476 port=64676 dbpath=C:\Users\User\AppData\Local\Temp\embedmongo-db-2e95331f-3059-4b5f-b908-1db506a046be 64-bit host=CP4475
2019-06-25 18:06:35.156  INFO 16508 --- [       Thread-8] o.s.b.a.m.e.EmbeddedMongo                : 2019-06-25T15:06:35.155-0300 I CONTROL  [initandlisten] targetMinOS: Windows Vista/Windows Server 2008
2019-06-25 18:06:35.156  INFO 16508 --- [       Thread-8] o.s.b.a.m.e.EmbeddedMongo                : 2019-06-25T15:06:35.155-0300 I CONTROL  [initandlisten] db version v3.5.5
2019-06-25 18:06:35.156  INFO 16508 --- [       Thread-8] o.s.b.a.m.e.EmbeddedMongo                : 2019-06-25T15:06:35.155-0300 I CONTROL  [initandlisten] git version: 98515c812b6fa893613f063dae568ff8319cbfbd
2019-06-25 18:06:35.156  INFO 16508 --- [       Thread-8] o.s.b.a.m.e.EmbeddedMongo                : 2019-06-25T15:06:35.155-0300 I CONTROL  [initandlisten] allocator: tcmalloc
2019-06-25 18:06:35.157  INFO 16508 --- [       Thread-8] o.s.b.a.m.e.EmbeddedMongo                : 2019-06-25T15:06:35.155-0300 I CONTROL  [initandlisten] modules: none
2019-06-25 18:06:35.157  INFO 16508 --- [       Thread-8] o.s.b.a.m.e.EmbeddedMongo                : 2019-06-25T15:06:35.155-0300 I CONTROL  [initandlisten] build environment:
2019-06-25 18:06:35.157  INFO 16508 --- [       Thread-8] o.s.b.a.m.e.EmbeddedMongo                : 2019-06-25T15:06:35.155-0300 I CONTROL  [initandlisten]     distarch: x86_64
2019-06-25 18:06:35.157  INFO 16508 --- [       Thread-8] o.s.b.a.m.e.EmbeddedMongo                : 2019-06-25T15:06:35.155-0300 I CONTROL  [initandlisten]     target_arch: x86_64
2019-06-25 18:06:35.158  INFO 16508 --- [       Thread-8] o.s.b.a.m.e.EmbeddedMongo                : 2019-06-25T15:06:35.155-0300 I CONTROL  [initandlisten] options: { net: { bindIp: "127.0.0.1", http: { enabled: false }, port: 64676 }, security: { authorization: "disabled" }, storage: { dbPath: "C:\Users\User\AppData\Local\Temp\embedmongo-db-2e95331f-3059-4b5f-b908-1db506a046be", journal: { enabled: false }, mmapv1: { preallocDataFiles: false, smallFiles: true }, syncPeriodSecs: 0.0 } }
2019-06-25 18:06:35.158  INFO 16508 --- [       Thread-8] o.s.b.a.m.e.EmbeddedMongo                : 2019-06-25T15:06:35.157-0300 I STORAGE  [initandlisten] wiredtiger_open config: create,cache_size=3494M,session_max=20000,eviction=(threads_min=4,threads_max=4),config_base=false,statistics=(fast),log=(enabled=true,archive=true,path=journal,compressor=snappy),file_manager=(close_idle_time=100000),checkpoint=(wait=0,log_size=2GB),statistics_log=(wait=0),verbose=(recovery_progress),,log=(enabled=false),
2019-06-25 18:06:35.240  INFO 16508 --- [       Thread-8] o.s.b.a.m.e.EmbeddedMongo                : 2019-06-25T15:06:35.239-0300 W STORAGE  [initandlisten] Detected configuration for non-active storage engine mmapv1 when current storage engine is wiredTiger
2019-06-25 18:06:35.240  INFO 16508 --- [       Thread-8] o.s.b.a.m.e.EmbeddedMongo                : 2019-06-25T15:06:35.239-0300 I CONTROL  [initandlisten] 
2019-06-25 18:06:35.240  INFO 16508 --- [       Thread-8] o.s.b.a.m.e.EmbeddedMongo                : 2019-06-25T15:06:35.239-0300 I CONTROL  [initandlisten] ** NOTE: This is a development version (3.5.5) of MongoDB.
2019-06-25 18:06:35.240  INFO 16508 --- [       Thread-8] o.s.b.a.m.e.EmbeddedMongo                : 2019-06-25T15:06:35.239-0300 I CONTROL  [initandlisten] **       Not recommended for production.
2019-06-25 18:06:35.240  INFO 16508 --- [       Thread-8] o.s.b.a.m.e.EmbeddedMongo                : 2019-06-25T15:06:35.239-0300 I CONTROL  [initandlisten] 
2019-06-25 18:06:35.519  INFO 16508 --- [       Thread-8] o.s.b.a.m.e.EmbeddedMongo                : 2019-06-25T15:06:35.519-0300 W FTDC     [initandlisten] Failed to initialize Performance Counters for FTDC: WindowsPdhError: PdhExpandCounterPathW failed with 'O objeto especificado nÃ£o foi encontrado no computador.' for counter '\Memory\Available Bytes'
2019-06-25 18:06:35.519  INFO 16508 --- [       Thread-8] o.s.b.a.m.e.EmbeddedMongo                : 2019-06-25T15:06:35.519-0300 I FTDC     [initandlisten] Initializing full-time diagnostic data capture with directory 'C:/Users/User/AppData/Local/Temp/embedmongo-db-2e95331f-3059-4b5f-b908-1db506a046be/diagnostic.data'
2019-06-25 18:06:35.565  INFO 16508 --- [       Thread-8] o.s.b.a.m.e.EmbeddedMongo                : 2019-06-25T15:06:35.565-0300 I INDEX    [initandlisten] build index on: admin.system.version properties: { v: 2, key: { version: 1 }, name: "incompatible_with_version_32", ns: "admin.system.version" }
2019-06-25 18:06:35.566  INFO 16508 --- [       Thread-8] o.s.b.a.m.e.EmbeddedMongo                : 2019-06-25T15:06:35.565-0300 I INDEX    [initandlisten] 	 building index using bulk method; build may temporarily use up to 500 megabytes of RAM
2019-06-25 18:06:35.572  INFO 16508 --- [       Thread-8] o.s.b.a.m.e.EmbeddedMongo                : 2019-06-25T15:06:35.572-0300 I INDEX    [initandlisten] build index done.  scanned 0 total records. 0 secs
2019-06-25 18:06:35.573  INFO 16508 --- [       Thread-8] o.s.b.a.m.e.EmbeddedMongo                : 2019-06-25T15:06:35.573-0300 I COMMAND  [initandlisten] setting featureCompatibilityVersion to 3.4
2019-06-25 18:06:35.578  INFO 16508 --- [       Thread-8] o.s.b.a.m.e.EmbeddedMongo                : 2019-06-25T15:06:35.578-0300 I NETWORK  [thread1] waiting for connections on port 64676
2019-06-25 18:06:35.579  INFO 16508 --- [           main] d.f.e.m.MongodExecutable                 : start de.flapdoodle.embed.mongo.config.MongodConfigBuilder$ImmutableMongodConfig@611c8e45
2019-06-25 18:06:35.596  INFO 16508 --- [           main] o.m.d.cluster                            : Cluster created with settings {hosts=[localhost:64676], mode=MULTIPLE, requiredClusterType=UNKNOWN, serverSelectionTimeout='30000 ms', maxWaitQueueSize=500}
2019-06-25 18:06:35.597  INFO 16508 --- [           main] o.m.d.cluster                            : Adding discovered server localhost:64676 to client view of cluster
2019-06-25 18:06:35.610  INFO 16508 --- [       Thread-8] o.s.b.a.m.e.EmbeddedMongo                : 2019-06-25T15:06:35.610-0300 I NETWORK  [thread1] connection accepted from 127.0.0.1:64677 #1 (1 connection now open)
2019-06-25 18:06:35.667  INFO 16508 --- [       Thread-8] o.s.b.a.m.e.EmbeddedMongo                : 2019-06-25T15:06:35.667-0300 I NETWORK  [conn1] received client metadata from 127.0.0.1:64677 conn1: { driver: { name: "mongo-java-driver", version: "3.8.2" }, os: { type: "Windows", name: "Windows 10", architecture: "amd64", version: "10.0" }, platform: "Java/Oracle Corporation/1.8.0_191-b12" }
2019-06-25 18:06:35.673  INFO 16508 --- [localhost:64676] o.m.d.connection                         : Opened connection [connectionId{localValue:3, serverValue:1}] to localhost:64676
2019-06-25 18:06:35.676  INFO 16508 --- [localhost:64676] o.m.d.cluster                            : Monitor thread successfully connected to server with description ServerDescription{address=localhost:64676, type=STANDALONE, state=CONNECTED, ok=true, version=ServerVersion{versionList=[3, 5, 5]}, minWireVersion=0, maxWireVersion=5, maxDocumentSize=16777216, logicalSessionTimeoutMinutes=null, roundTripTimeNanos=1607680}
2019-06-25 18:06:35.676  INFO 16508 --- [localhost:64676] o.m.d.cluster                            : Discovered cluster type of STANDALONE
2019-06-25 18:06:35.926  INFO 16508 --- [       Thread-8] o.s.b.a.m.e.EmbeddedMongo                : 2019-06-25T15:06:35.926-0300 I NETWORK  [thread1] connection accepted from 127.0.0.1:64678 #2 (2 connections now open)
2019-06-25 18:06:35.956  INFO 16508 --- [       Thread-8] o.s.b.a.m.e.EmbeddedMongo                : 2019-06-25T15:06:35.956-0300 I NETWORK  [conn2] received client metadata from 127.0.0.1:64678 conn2: { driver: { name: "mongo-java-driver", version: "3.8.2" }, os: { type: "Windows", name: "Windows 10", architecture: "amd64", version: "10.0" }, platform: "Java/Oracle Corporation/1.8.0_191-b12" }
2019-06-25 18:06:35.977  INFO 16508 --- [           main] o.m.d.connection                         : Opened connection [connectionId{localValue:4, serverValue:2}] to localhost:64676
2019-06-25 18:06:36.389  WARN 16508 --- [           main] b.c.p.c.Propriedades                     : Configuracao oauth2.prazo.token nao localizada
2019-06-25 18:06:36.389  WARN 16508 --- [           main] s.c.a.AnnotationConfigApplicationContext : Exception encountered during context initialization - cancelling refresh attempt: org.springframework.beans.factory.BeanCreationException: Error creating bean with name 'org.springframework.security.oauth2.config.annotation.web.configuration.AuthorizationServerSecurityConfiguration': Injection of autowired dependencies failed; nested exception is java.lang.NumberFormatException: null
2019-06-25 18:06:36.391  INFO 16508 --- [           main] o.m.d.connection                         : Closed connection [connectionId{localValue:4, serverValue:2}] to localhost:64676 because the pool has been closed.
2019-06-25 18:06:36.392  INFO 16508 --- [       Thread-8] o.s.b.a.m.e.EmbeddedMongo                : 2019-06-25T15:06:36.392-0300 I -        [conn2] end connection 127.0.0.1:64678 (2 connections now open)
2019-06-25 18:06:36.395  INFO 16508 --- [       Thread-8] o.s.b.a.m.e.EmbeddedMongo                : 2019-06-25T15:06:36.395-0300 I NETWORK  [thread1] connection accepted from 127.0.0.1:64679 #3 (2 connections now open)
2019-06-25 18:06:36.397  INFO 16508 --- [       Thread-8] o.s.b.a.m.e.EmbeddedMongo                : 2019-06-25T15:06:36.396-0300 I -        [conn1] end connection 127.0.0.1:64677 (2 connections now open)
2019-06-25 18:06:36.399  INFO 16508 --- [       Thread-8] o.s.b.a.m.e.EmbeddedMongo                : 2019-06-25T15:06:36.399-0300 I COMMAND  [conn3] terminating, shutdown command received
2019-06-25 18:06:36.400  INFO 16508 --- [       Thread-8] o.s.b.a.m.e.EmbeddedMongo                : 2019-06-25T15:06:36.400-0300 I NETWORK  [conn3] shutdown: going to close listening sockets...
2019-06-25 18:06:36.400  INFO 16508 --- [       Thread-8] o.s.b.a.m.e.EmbeddedMongo                : 2019-06-25T15:06:36.400-0300 I NETWORK  [conn3] closing listening socket: 596
2019-06-25 18:06:36.400  INFO 16508 --- [       Thread-8] o.s.b.a.m.e.EmbeddedMongo                : 2019-06-25T15:06:36.400-0300 I NETWORK  [conn3] shutdown: going to flush diaglog...
2019-06-25 18:06:36.400  INFO 16508 --- [       Thread-8] o.s.b.a.m.e.EmbeddedMongo                : 2019-06-25T15:06:36.400-0300 I FTDC     [conn3] Shutting down full-time diagnostic data capture
2019-06-25 18:06:36.404  INFO 16508 --- [       Thread-8] o.s.b.a.m.e.EmbeddedMongo                : 2019-06-25T15:06:36.404-0300 I STORAGE  [conn3] WiredTigerKVEngine shutting down
2019-06-25 18:06:36.441  INFO 16508 --- [       Thread-8] o.s.b.a.m.e.EmbeddedMongo                : 2019-06-25T15:06:36.441-0300 I STORAGE  [conn3] shutdown: removing fs lock...
2019-06-25 18:06:36.443  INFO 16508 --- [       Thread-8] o.s.b.a.m.e.EmbeddedMongo                : 2019-06-25T15:06:36.443-0300 I CONTROL  [conn3] now exiting
2019-06-25 18:06:36.443  INFO 16508 --- [       Thread-8] o.s.b.a.m.e.EmbeddedMongo                : 2019-06-25T15:06:36.443-0300 I CONTROL  [conn3] shutting down with code:0
2019-06-25 18:06:36.443  INFO 16508 --- [       Thread-8] o.s.b.a.m.e.EmbeddedMongo                : 2019-06-25T15:06:36.443-0300 I CONTROL  [initandlisten] shutting down with code:0
2019-06-25 18:06:36.564  INFO 16508 --- [           main] ConditionEvaluationReportLoggingListener : 

Error starting ApplicationContext. To display the conditions report re-run your application with 'debug' enabled.
2019-06-25 18:06:36.564 ERROR 16508 --- [           main] o.s.b.SpringApplication                  : Application run failed

org.springframework.beans.factory.BeanCreationException: Error creating bean with name 'org.springframework.security.oauth2.config.annotation.web.configuration.AuthorizationServerSecurityConfiguration': Injection of autowired dependencies failed; nested exception is java.lang.NumberFormatException: null
	at org.springframework.beans.factory.annotation.AutowiredAnnotationBeanPostProcessor.postProcessProperties(AutowiredAnnotationBeanPostProcessor.java:380) ~[spring-beans-5.1.7.RELEASE.jar:5.1.7.RELEASE]
	at org.springframework.beans.factory.support.AbstractAutowireCapableBeanFactory.populateBean(AbstractAutowireCapableBeanFactory.java:1411) ~[spring-beans-5.1.7.RELEASE.jar:5.1.7.RELEASE]
	at org.springframework.beans.factory.support.AbstractAutowireCapableBeanFactory.doCreateBean(AbstractAutowireCapableBeanFactory.java:592) ~[spring-beans-5.1.7.RELEASE.jar:5.1.7.RELEASE]
	at org.springframework.beans.factory.support.AbstractAutowireCapableBeanFactory.createBean(AbstractAutowireCapableBeanFactory.java:515) ~[spring-beans-5.1.7.RELEASE.jar:5.1.7.RELEASE]
	at org.springframework.beans.factory.support.AbstractBeanFactory.lambda$doGetBean$0(AbstractBeanFactory.java:320) ~[spring-beans-5.1.7.RELEASE.jar:5.1.7.RELEASE]
	at org.springframework.beans.factory.support.DefaultSingletonBeanRegistry.getSingleton(DefaultSingletonBeanRegistry.java:222) ~[spring-beans-5.1.7.RELEASE.jar:5.1.7.RELEASE]
	at org.springframework.beans.factory.support.AbstractBeanFactory.doGetBean(AbstractBeanFactory.java:318) ~[spring-beans-5.1.7.RELEASE.jar:5.1.7.RELEASE]
	at org.springframework.beans.factory.support.AbstractBeanFactory.getBean(AbstractBeanFactory.java:199) ~[spring-beans-5.1.7.RELEASE.jar:5.1.7.RELEASE]
	at org.springframework.beans.factory.support.DefaultListableBeanFactory.preInstantiateSingletons(DefaultListableBeanFactory.java:843) ~[spring-beans-5.1.7.RELEASE.jar:5.1.7.RELEASE]
	at org.springframework.context.support.AbstractApplicationContext.finishBeanFactoryInitialization(AbstractApplicationContext.java:877) ~[spring-context-5.1.7.RELEASE.jar:5.1.7.RELEASE]
	at org.springframework.context.support.AbstractApplicationContext.refresh(AbstractApplicationContext.java:549) ~[spring-context-5.1.7.RELEASE.jar:5.1.7.RELEASE]
	at org.springframework.boot.SpringApplication.refresh(SpringApplication.java:775) [spring-boot-2.1.5.RELEASE.jar:2.1.5.RELEASE]
	at org.springframework.boot.SpringApplication.refreshContext(SpringApplication.java:397) [spring-boot-2.1.5.RELEASE.jar:2.1.5.RELEASE]
	at org.springframework.boot.SpringApplication.run(SpringApplication.java:316) [spring-boot-2.1.5.RELEASE.jar:2.1.5.RELEASE]
	at org.springframework.boot.test.context.SpringBootContextLoader.loadContext(SpringBootContextLoader.java:127) [spring-boot-test-2.1.5.RELEASE.jar:2.1.5.RELEASE]
	at org.springframework.test.context.cache.DefaultCacheAwareContextLoaderDelegate.loadContextInternal(DefaultCacheAwareContextLoaderDelegate.java:99) [spring-test-5.1.7.RELEASE.jar:5.1.7.RELEASE]
	at org.springframework.test.context.cache.DefaultCacheAwareContextLoaderDelegate.loadContext(DefaultCacheAwareContextLoaderDelegate.java:117) [spring-test-5.1.7.RELEASE.jar:5.1.7.RELEASE]
	at org.springframework.test.context.support.DefaultTestContext.getApplicationContext(DefaultTestContext.java:108) [spring-test-5.1.7.RELEASE.jar:5.1.7.RELEASE]
	at org.springframework.boot.test.autoconfigure.SpringBootDependencyInjectionTestExecutionListener.outputConditionEvaluationReport(SpringBootDependencyInjectionTestExecutionListener.java:54) [spring-boot-test-autoconfigure-2.1.5.RELEASE.jar:2.1.5.RELEASE]
	at org.springframework.boot.test.autoconfigure.SpringBootDependencyInjectionTestExecutionListener.prepareTestInstance(SpringBootDependencyInjectionTestExecutionListener.java:47) [spring-boot-test-autoconfigure-2.1.5.RELEASE.jar:2.1.5.RELEASE]
	at org.springframework.test.context.TestContextManager.prepareTestInstance(TestContextManager.java:246) [spring-test-5.1.7.RELEASE.jar:5.1.7.RELEASE]
	at org.springframework.test.context.junit4.SpringJUnit4ClassRunner.createTest(SpringJUnit4ClassRunner.java:227) [spring-test-5.1.7.RELEASE.jar:5.1.7.RELEASE]
	at org.springframework.test.context.junit4.SpringJUnit4ClassRunner$1.runReflectiveCall(SpringJUnit4ClassRunner.java:289) [spring-test-5.1.7.RELEASE.jar:5.1.7.RELEASE]
	at org.junit.internal.runners.model.ReflectiveCallable.run(ReflectiveCallable.java:12) [junit-4.12.jar:4.12]
	at org.springframework.test.context.junit4.SpringJUnit4ClassRunner.methodBlock(SpringJUnit4ClassRunner.java:291) [spring-test-5.1.7.RELEASE.jar:5.1.7.RELEASE]
	at org.springframework.test.context.junit4.SpringJUnit4ClassRunner.runChild(SpringJUnit4ClassRunner.java:246) [spring-test-5.1.7.RELEASE.jar:5.1.7.RELEASE]
	at org.springframework.test.context.junit4.SpringJUnit4ClassRunner.runChild(SpringJUnit4ClassRunner.java:97) [spring-test-5.1.7.RELEASE.jar:5.1.7.RELEASE]
	at org.junit.runners.ParentRunner$3.run(ParentRunner.java:290) [junit-4.12.jar:4.12]
	at org.junit.runners.ParentRunner$1.schedule(ParentRunner.java:71) [junit-4.12.jar:4.12]
	at org.junit.runners.ParentRunner.runChildren(ParentRunner.java:288) [junit-4.12.jar:4.12]
	at org.junit.runners.ParentRunner.access$000(ParentRunner.java:58) [junit-4.12.jar:4.12]
	at org.junit.runners.ParentRunner$2.evaluate(ParentRunner.java:268) [junit-4.12.jar:4.12]
	at org.springframework.test.context.junit4.statements.RunBeforeTestClassCallbacks.evaluate(RunBeforeTestClassCallbacks.java:61) [spring-test-5.1.7.RELEASE.jar:5.1.7.RELEASE]
	at org.springframework.test.context.junit4.statements.RunAfterTestClassCallbacks.evaluate(RunAfterTestClassCallbacks.java:70) [spring-test-5.1.7.RELEASE.jar:5.1.7.RELEASE]
	at org.junit.runners.ParentRunner.run(ParentRunner.java:363) [junit-4.12.jar:4.12]
	at org.springframework.test.context.junit4.SpringJUnit4ClassRunner.run(SpringJUnit4ClassRunner.java:190) [spring-test-5.1.7.RELEASE.jar:5.1.7.RELEASE]
	at org.powermock.modules.junit4.internal.impl.DelegatingPowerMockRunner$2.call(DelegatingPowerMockRunner.java:149) [powermock-module-junit4-2.0.2.jar:2.0.2]
	at org.powermock.modules.junit4.internal.impl.DelegatingPowerMockRunner$2.call(DelegatingPowerMockRunner.java:141) [powermock-module-junit4-2.0.2.jar:2.0.2]
	at org.powermock.modules.junit4.internal.impl.DelegatingPowerMockRunner.withContextClassLoader(DelegatingPowerMockRunner.java:132) [powermock-module-junit4-2.0.2.jar:2.0.2]
	at org.powermock.modules.junit4.internal.impl.DelegatingPowerMockRunner.run(DelegatingPowerMockRunner.java:141) [powermock-module-junit4-2.0.2.jar:2.0.2]
	at org.powermock.modules.junit4.common.internal.impl.JUnit4TestSuiteChunkerImpl.run(JUnit4TestSuiteChunkerImpl.java:117) [powermock-module-junit4-common-2.0.2.jar:2.0.2]
	at org.powermock.modules.junit4.common.internal.impl.AbstractCommonPowerMockRunner.run(AbstractCommonPowerMockRunner.java:57) [powermock-module-junit4-common-2.0.2.jar:2.0.2]
	at org.powermock.modules.junit4.PowerMockRunner.run(PowerMockRunner.java:59) [powermock-module-junit4-2.0.2.jar:2.0.2]
	at org.apache.maven.surefire.junit4.JUnit4Provider.execute(JUnit4Provider.java:365) [surefire-junit4-2.22.2.jar:2.22.2]
	at org.apache.maven.surefire.junit4.JUnit4Provider.executeWithRerun(JUnit4Provider.java:273) [surefire-junit4-2.22.2.jar:2.22.2]
	at org.apache.maven.surefire.junit4.JUnit4Provider.executeTestSet(JUnit4Provider.java:238) [surefire-junit4-2.22.2.jar:2.22.2]
	at org.apache.maven.surefire.junit4.JUnit4Provider.invoke(JUnit4Provider.java:159) [surefire-junit4-2.22.2.jar:2.22.2]
	at org.apache.maven.surefire.booter.ForkedBooter.invokeProviderInSameClassLoader(ForkedBooter.java:384) [surefire-booter-2.22.2.jar:2.22.2]
	at org.apache.maven.surefire.booter.ForkedBooter.runSuitesInProcess(ForkedBooter.java:345) [surefire-booter-2.22.2.jar:2.22.2]
	at org.apache.maven.surefire.booter.ForkedBooter.execute(ForkedBooter.java:126) [surefire-booter-2.22.2.jar:2.22.2]
	at org.apache.maven.surefire.booter.ForkedBooter.main(ForkedBooter.java:418) [surefire-booter-2.22.2.jar:2.22.2]
Caused by: java.lang.NumberFormatException: null
	at java.lang.Integer.parseInt(Integer.java:542) ~[?:1.8.0_191]
	at java.lang.Integer.valueOf(Integer.java:766) ~[?:1.8.0_191]
	at br.com.pdv.security.AuthorizationServerConfiguration.inicializaCredenciais(AuthorizationServerConfiguration.java:51) ~[classes/:?]
	at br.com.pdv.security.AuthorizationServerConfiguration.configure(AuthorizationServerConfiguration.java:39) ~[classes/:?]
	at org.springframework.security.oauth2.config.annotation.web.configuration.AuthorizationServerSecurityConfiguration.configure(AuthorizationServerSecurityConfiguration.java:58) ~[spring-security-oauth2-2.3.5.RELEASE.jar:?]
	at sun.reflect.NativeMethodAccessorImpl.invoke0(Native Method) ~[?:1.8.0_191]
	at sun.reflect.NativeMethodAccessorImpl.invoke(NativeMethodAccessorImpl.java:62) ~[?:1.8.0_191]
	at sun.reflect.DelegatingMethodAccessorImpl.invoke(DelegatingMethodAccessorImpl.java:43) ~[?:1.8.0_191]
	at java.lang.reflect.Method.invoke(Method.java:498) ~[?:1.8.0_191]
	at org.springframework.beans.factory.annotation.AutowiredAnnotationBeanPostProcessor$AutowiredMethodElement.inject(AutowiredAnnotationBeanPostProcessor.java:708) ~[spring-beans-5.1.7.RELEASE.jar:5.1.7.RELEASE]
	at org.springframework.beans.factory.annotation.InjectionMetadata.inject(InjectionMetadata.java:90) ~[spring-beans-5.1.7.RELEASE.jar:5.1.7.RELEASE]
	at org.springframework.beans.factory.annotation.AutowiredAnnotationBeanPostProcessor.postProcessProperties(AutowiredAnnotationBeanPostProcessor.java:374) ~[spring-beans-5.1.7.RELEASE.jar:5.1.7.RELEASE]
	... 50 more

2019-06-25 18:06:36.567 ERROR 16508 --- [           main] o.s.t.c.TestContextManager               : Caught exception while allowing TestExecutionListener [org.springframework.boot.test.autoconfigure.SpringBootDependencyInjectionTestExecutionListener@35a0458] to prepare test instance [br.com.pdv.service.ClienteServiceTest@253e3df]

java.lang.IllegalStateException: Failed to load ApplicationContext
	at org.springframework.test.context.cache.DefaultCacheAwareContextLoaderDelegate.loadContext(DefaultCacheAwareContextLoaderDelegate.java:125) ~[spring-test-5.1.7.RELEASE.jar:5.1.7.RELEASE]
	at org.springframework.test.context.support.DefaultTestContext.getApplicationContext(DefaultTestContext.java:108) ~[spring-test-5.1.7.RELEASE.jar:5.1.7.RELEASE]
	at org.springframework.test.context.support.DependencyInjectionTestExecutionListener.injectDependencies(DependencyInjectionTestExecutionListener.java:118) ~[spring-test-5.1.7.RELEASE.jar:5.1.7.RELEASE]
	at org.springframework.test.context.support.DependencyInjectionTestExecutionListener.prepareTestInstance(DependencyInjectionTestExecutionListener.java:83) ~[spring-test-5.1.7.RELEASE.jar:5.1.7.RELEASE]
	at org.springframework.boot.test.autoconfigure.SpringBootDependencyInjectionTestExecutionListener.prepareTestInstance(SpringBootDependencyInjectionTestExecutionListener.java:44) ~[spring-boot-test-autoconfigure-2.1.5.RELEASE.jar:2.1.5.RELEASE]
	at org.springframework.test.context.TestContextManager.prepareTestInstance(TestContextManager.java:246) [spring-test-5.1.7.RELEASE.jar:5.1.7.RELEASE]
	at org.springframework.test.context.junit4.SpringJUnit4ClassRunner.createTest(SpringJUnit4ClassRunner.java:227) [spring-test-5.1.7.RELEASE.jar:5.1.7.RELEASE]
	at org.springframework.test.context.junit4.SpringJUnit4ClassRunner$1.runReflectiveCall(SpringJUnit4ClassRunner.java:289) [spring-test-5.1.7.RELEASE.jar:5.1.7.RELEASE]
	at org.junit.internal.runners.model.ReflectiveCallable.run(ReflectiveCallable.java:12) [junit-4.12.jar:4.12]
	at org.springframework.test.context.junit4.SpringJUnit4ClassRunner.methodBlock(SpringJUnit4ClassRunner.java:291) [spring-test-5.1.7.RELEASE.jar:5.1.7.RELEASE]
	at org.springframework.test.context.junit4.SpringJUnit4ClassRunner.runChild(SpringJUnit4ClassRunner.java:246) [spring-test-5.1.7.RELEASE.jar:5.1.7.RELEASE]
	at org.springframework.test.context.junit4.SpringJUnit4ClassRunner.runChild(SpringJUnit4ClassRunner.java:97) [spring-test-5.1.7.RELEASE.jar:5.1.7.RELEASE]
	at org.junit.runners.ParentRunner$3.run(ParentRunner.java:290) [junit-4.12.jar:4.12]
	at org.junit.runners.ParentRunner$1.schedule(ParentRunner.java:71) [junit-4.12.jar:4.12]
	at org.junit.runners.ParentRunner.runChildren(ParentRunner.java:288) [junit-4.12.jar:4.12]
	at org.junit.runners.ParentRunner.access$000(ParentRunner.java:58) [junit-4.12.jar:4.12]
	at org.junit.runners.ParentRunner$2.evaluate(ParentRunner.java:268) [junit-4.12.jar:4.12]
	at org.springframework.test.context.junit4.statements.RunBeforeTestClassCallbacks.evaluate(RunBeforeTestClassCallbacks.java:61) [spring-test-5.1.7.RELEASE.jar:5.1.7.RELEASE]
	at org.springframework.test.context.junit4.statements.RunAfterTestClassCallbacks.evaluate(RunAfterTestClassCallbacks.java:70) [spring-test-5.1.7.RELEASE.jar:5.1.7.RELEASE]
	at org.junit.runners.ParentRunner.run(ParentRunner.java:363) [junit-4.12.jar:4.12]
	at org.springframework.test.context.junit4.SpringJUnit4ClassRunner.run(SpringJUnit4ClassRunner.java:190) [spring-test-5.1.7.RELEASE.jar:5.1.7.RELEASE]
	at org.powermock.modules.junit4.internal.impl.DelegatingPowerMockRunner$2.call(DelegatingPowerMockRunner.java:149) [powermock-module-junit4-2.0.2.jar:2.0.2]
	at org.powermock.modules.junit4.internal.impl.DelegatingPowerMockRunner$2.call(DelegatingPowerMockRunner.java:141) [powermock-module-junit4-2.0.2.jar:2.0.2]
	at org.powermock.modules.junit4.internal.impl.DelegatingPowerMockRunner.withContextClassLoader(DelegatingPowerMockRunner.java:132) [powermock-module-junit4-2.0.2.jar:2.0.2]
	at org.powermock.modules.junit4.internal.impl.DelegatingPowerMockRunner.run(DelegatingPowerMockRunner.java:141) [powermock-module-junit4-2.0.2.jar:2.0.2]
	at org.powermock.modules.junit4.common.internal.impl.JUnit4TestSuiteChunkerImpl.run(JUnit4TestSuiteChunkerImpl.java:117) [powermock-module-junit4-common-2.0.2.jar:2.0.2]
	at org.powermock.modules.junit4.common.internal.impl.AbstractCommonPowerMockRunner.run(AbstractCommonPowerMockRunner.java:57) [powermock-module-junit4-common-2.0.2.jar:2.0.2]
	at org.powermock.modules.junit4.PowerMockRunner.run(PowerMockRunner.java:59) [powermock-module-junit4-2.0.2.jar:2.0.2]
	at org.apache.maven.surefire.junit4.JUnit4Provider.execute(JUnit4Provider.java:365) [surefire-junit4-2.22.2.jar:2.22.2]
	at org.apache.maven.surefire.junit4.JUnit4Provider.executeWithRerun(JUnit4Provider.java:273) [surefire-junit4-2.22.2.jar:2.22.2]
	at org.apache.maven.surefire.junit4.JUnit4Provider.executeTestSet(JUnit4Provider.java:238) [surefire-junit4-2.22.2.jar:2.22.2]
	at org.apache.maven.surefire.junit4.JUnit4Provider.invoke(JUnit4Provider.java:159) [surefire-junit4-2.22.2.jar:2.22.2]
	at org.apache.maven.surefire.booter.ForkedBooter.invokeProviderInSameClassLoader(ForkedBooter.java:384) [surefire-booter-2.22.2.jar:2.22.2]
	at org.apache.maven.surefire.booter.ForkedBooter.runSuitesInProcess(ForkedBooter.java:345) [surefire-booter-2.22.2.jar:2.22.2]
	at org.apache.maven.surefire.booter.ForkedBooter.execute(ForkedBooter.java:126) [surefire-booter-2.22.2.jar:2.22.2]
	at org.apache.maven.surefire.booter.ForkedBooter.main(ForkedBooter.java:418) [surefire-booter-2.22.2.jar:2.22.2]
Caused by: org.springframework.beans.factory.BeanCreationException: Error creating bean with name 'org.springframework.security.oauth2.config.annotation.web.configuration.AuthorizationServerSecurityConfiguration': Injection of autowired dependencies failed; nested exception is java.lang.NumberFormatException: null
	at org.springframework.beans.factory.annotation.AutowiredAnnotationBeanPostProcessor.postProcessProperties(AutowiredAnnotationBeanPostProcessor.java:380) ~[spring-beans-5.1.7.RELEASE.jar:5.1.7.RELEASE]
	at org.springframework.beans.factory.support.AbstractAutowireCapableBeanFactory.populateBean(AbstractAutowireCapableBeanFactory.java:1411) ~[spring-beans-5.1.7.RELEASE.jar:5.1.7.RELEASE]
	at org.springframework.beans.factory.support.AbstractAutowireCapableBeanFactory.doCreateBean(AbstractAutowireCapableBeanFactory.java:592) ~[spring-beans-5.1.7.RELEASE.jar:5.1.7.RELEASE]
	at org.springframework.beans.factory.support.AbstractAutowireCapableBeanFactory.createBean(AbstractAutowireCapableBeanFactory.java:515) ~[spring-beans-5.1.7.RELEASE.jar:5.1.7.RELEASE]
	at org.springframework.beans.factory.support.AbstractBeanFactory.lambda$doGetBean$0(AbstractBeanFactory.java:320) ~[spring-beans-5.1.7.RELEASE.jar:5.1.7.RELEASE]
	at org.springframework.beans.factory.support.DefaultSingletonBeanRegistry.getSingleton(DefaultSingletonBeanRegistry.java:222) ~[spring-beans-5.1.7.RELEASE.jar:5.1.7.RELEASE]
	at org.springframework.beans.factory.support.AbstractBeanFactory.doGetBean(AbstractBeanFactory.java:318) ~[spring-beans-5.1.7.RELEASE.jar:5.1.7.RELEASE]
	at org.springframework.beans.factory.support.AbstractBeanFactory.getBean(AbstractBeanFactory.java:199) ~[spring-beans-5.1.7.RELEASE.jar:5.1.7.RELEASE]
	at org.springframework.beans.factory.support.DefaultListableBeanFactory.preInstantiateSingletons(DefaultListableBeanFactory.java:843) ~[spring-beans-5.1.7.RELEASE.jar:5.1.7.RELEASE]
	at org.springframework.context.support.AbstractApplicationContext.finishBeanFactoryInitialization(AbstractApplicationContext.java:877) ~[spring-context-5.1.7.RELEASE.jar:5.1.7.RELEASE]
	at org.springframework.context.support.AbstractApplicationContext.refresh(AbstractApplicationContext.java:549) ~[spring-context-5.1.7.RELEASE.jar:5.1.7.RELEASE]
	at org.springframework.boot.SpringApplication.refresh(SpringApplication.java:775) ~[spring-boot-2.1.5.RELEASE.jar:2.1.5.RELEASE]
	at org.springframework.boot.SpringApplication.refreshContext(SpringApplication.java:397) ~[spring-boot-2.1.5.RELEASE.jar:2.1.5.RELEASE]
	at org.springframework.boot.SpringApplication.run(SpringApplication.java:316) ~[spring-boot-2.1.5.RELEASE.jar:2.1.5.RELEASE]
	at org.springframework.boot.test.context.SpringBootContextLoader.loadContext(SpringBootContextLoader.java:127) ~[spring-boot-test-2.1.5.RELEASE.jar:2.1.5.RELEASE]
	at org.springframework.test.context.cache.DefaultCacheAwareContextLoaderDelegate.loadContextInternal(DefaultCacheAwareContextLoaderDelegate.java:99) ~[spring-test-5.1.7.RELEASE.jar:5.1.7.RELEASE]
	at org.springframework.test.context.cache.DefaultCacheAwareContextLoaderDelegate.loadContext(DefaultCacheAwareContextLoaderDelegate.java:117) ~[spring-test-5.1.7.RELEASE.jar:5.1.7.RELEASE]
	... 35 more
Caused by: java.lang.NumberFormatException: null
	at java.lang.Integer.parseInt(Integer.java:542) ~[?:1.8.0_191]
	at java.lang.Integer.valueOf(Integer.java:766) ~[?:1.8.0_191]
	at br.com.pdv.security.AuthorizationServerConfiguration.inicializaCredenciais(AuthorizationServerConfiguration.java:51) ~[classes/:?]
	at br.com.pdv.security.AuthorizationServerConfiguration.configure(AuthorizationServerConfiguration.java:39) ~[classes/:?]
	at org.springframework.security.oauth2.config.annotation.web.configuration.AuthorizationServerSecurityConfiguration.configure(AuthorizationServerSecurityConfiguration.java:58) ~[spring-security-oauth2-2.3.5.RELEASE.jar:?]
	at sun.reflect.NativeMethodAccessorImpl.invoke0(Native Method) ~[?:1.8.0_191]
	at sun.reflect.NativeMethodAccessorImpl.invoke(NativeMethodAccessorImpl.java:62) ~[?:1.8.0_191]
	at sun.reflect.DelegatingMethodAccessorImpl.invoke(DelegatingMethodAccessorImpl.java:43) ~[?:1.8.0_191]
	at java.lang.reflect.Method.invoke(Method.java:498) ~[?:1.8.0_191]
	at org.springframework.beans.factory.annotation.AutowiredAnnotationBeanPostProcessor$AutowiredMethodElement.inject(AutowiredAnnotationBeanPostProcessor.java:708) ~[spring-beans-5.1.7.RELEASE.jar:5.1.7.RELEASE]
	at org.springframework.beans.factory.annotation.InjectionMetadata.inject(InjectionMetadata.java:90) ~[spring-beans-5.1.7.RELEASE.jar:5.1.7.RELEASE]
	at org.springframework.beans.factory.annotation.AutowiredAnnotationBeanPostProcessor.postProcessProperties(AutowiredAnnotationBeanPostProcessor.java:374) ~[spring-beans-5.1.7.RELEASE.jar:5.1.7.RELEASE]
	at org.springframework.beans.factory.support.AbstractAutowireCapableBeanFactory.populateBean(AbstractAutowireCapableBeanFactory.java:1411) ~[spring-beans-5.1.7.RELEASE.jar:5.1.7.RELEASE]
	at org.springframework.beans.factory.support.AbstractAutowireCapableBeanFactory.doCreateBean(AbstractAutowireCapableBeanFactory.java:592) ~[spring-beans-5.1.7.RELEASE.jar:5.1.7.RELEASE]
	at org.springframework.beans.factory.support.AbstractAutowireCapableBeanFactory.createBean(AbstractAutowireCapableBeanFactory.java:515) ~[spring-beans-5.1.7.RELEASE.jar:5.1.7.RELEASE]
	at org.springframework.beans.factory.support.AbstractBeanFactory.lambda$doGetBean$0(AbstractBeanFactory.java:320) ~[spring-beans-5.1.7.RELEASE.jar:5.1.7.RELEASE]
	at org.springframework.beans.factory.support.DefaultSingletonBeanRegistry.getSingleton(DefaultSingletonBeanRegistry.java:222) ~[spring-beans-5.1.7.RELEASE.jar:5.1.7.RELEASE]
	at org.springframework.beans.factory.support.AbstractBeanFactory.doGetBean(AbstractBeanFactory.java:318) ~[spring-beans-5.1.7.RELEASE.jar:5.1.7.RELEASE]
	at org.springframework.beans.factory.support.AbstractBeanFactory.getBean(AbstractBeanFactory.java:199) ~[spring-beans-5.1.7.RELEASE.jar:5.1.7.RELEASE]
	at org.springframework.beans.factory.support.DefaultListableBeanFactory.preInstantiateSingletons(DefaultListableBeanFactory.java:843) ~[spring-beans-5.1.7.RELEASE.jar:5.1.7.RELEASE]
	at org.springframework.context.support.AbstractApplicationContext.finishBeanFactoryInitialization(AbstractApplicationContext.java:877) ~[spring-context-5.1.7.RELEASE.jar:5.1.7.RELEASE]
	at org.springframework.context.support.AbstractApplicationContext.refresh(AbstractApplicationContext.java:549) ~[spring-context-5.1.7.RELEASE.jar:5.1.7.RELEASE]
	at org.springframework.boot.SpringApplication.refresh(SpringApplication.java:775) ~[spring-boot-2.1.5.RELEASE.jar:2.1.5.RELEASE]
	at org.springframework.boot.SpringApplication.refreshContext(SpringApplication.java:397) ~[spring-boot-2.1.5.RELEASE.jar:2.1.5.RELEASE]
	at org.springframework.boot.SpringApplication.run(SpringApplication.java:316) ~[spring-boot-2.1.5.RELEASE.jar:2.1.5.RELEASE]
	at org.springframework.boot.test.context.SpringBootContextLoader.loadContext(SpringBootContextLoader.java:127) ~[spring-boot-test-2.1.5.RELEASE.jar:2.1.5.RELEASE]
	at org.springframework.test.context.cache.DefaultCacheAwareContextLoaderDelegate.loadContextInternal(DefaultCacheAwareContextLoaderDelegate.java:99) ~[spring-test-5.1.7.RELEASE.jar:5.1.7.RELEASE]
	at org.springframework.test.context.cache.DefaultCacheAwareContextLoaderDelegate.loadContext(DefaultCacheAwareContextLoaderDelegate.java:117) ~[spring-test-5.1.7.RELEASE.jar:5.1.7.RELEASE]
	... 35 more

]]></system-out>
  </testcase>
  <testcase name="deveExcluir" classname="br.com.pdv.service.ClienteServiceTest" time="0.001">
    <error message="Failed to load ApplicationContext" type="java.lang.IllegalStateException">java.lang.IllegalStateException: Failed to load ApplicationContext
Caused by: org.springframework.beans.factory.BeanCreationException: Error creating bean with name 'org.springframework.security.oauth2.config.annotation.web.configuration.AuthorizationServerSecurityConfiguration': Injection of autowired dependencies failed; nested exception is java.lang.NumberFormatException: null
Caused by: java.lang.NumberFormatException: null
</error>
    <system-out><![CDATA[
  .   ____          _            __ _ _
 /\\ / ___'_ __ _ _(_)_ __  __ _ \ \ \ \
( ( )\___ | '_ | '_| | '_ \/ _` | \ \ \ \
 \\/  ___)| |_)| | | | | || (_| |  ) ) ) )
  '  |____| .__|_| |_|_| |_\__, | / / / /
 =========|_|==============|___/=/_/_/_/
 :: Spring Boot ::        (v2.1.5.RELEASE)

2019-06-25 18:06:37.212  INFO 16508 --- [           main] b.c.p.s.ClienteServiceTest               : Starting ClienteServiceTest on CP4475 with PID 16508 (started by User in C:\Projetos_MATERA\META\pdv\pdv)
2019-06-25 18:06:37.214  INFO 16508 --- [           main] b.c.p.s.ClienteServiceTest               : No active profile set, falling back to default profiles: default
2019-06-25 18:06:37.436  INFO 16508 --- [           main] .s.d.r.c.RepositoryConfigurationDelegate : Bootstrapping Spring Data repositories in DEFAULT mode.
2019-06-25 18:06:37.495  INFO 16508 --- [           main] .s.d.r.c.RepositoryConfigurationDelegate : Finished Spring Data repository scanning in 59ms. Found 3 repository interfaces.
2019-06-25 18:06:38.116  INFO 16508 --- [      Thread-11] o.s.b.a.m.e.EmbeddedMongo                : note: noprealloc may hurt performance in many applications
2019-06-25 18:06:38.203  INFO 16508 --- [      Thread-11] o.s.b.a.m.e.EmbeddedMongo                : 2019-06-25T15:06:38.203-0300 I CONTROL  [initandlisten] MongoDB starting : pid=6940 port=64692 dbpath=C:\Users\User\AppData\Local\Temp\embedmongo-db-87f6b03a-f385-4214-a459-328ff5f1627a 64-bit host=CP4475
2019-06-25 18:06:38.204  INFO 16508 --- [      Thread-11] o.s.b.a.m.e.EmbeddedMongo                : 2019-06-25T15:06:38.203-0300 I CONTROL  [initandlisten] targetMinOS: Windows Vista/Windows Server 2008
2019-06-25 18:06:38.204  INFO 16508 --- [      Thread-11] o.s.b.a.m.e.EmbeddedMongo                : 2019-06-25T15:06:38.203-0300 I CONTROL  [initandlisten] db version v3.5.5
2019-06-25 18:06:38.204  INFO 16508 --- [      Thread-11] o.s.b.a.m.e.EmbeddedMongo                : 2019-06-25T15:06:38.203-0300 I CONTROL  [initandlisten] git version: 98515c812b6fa893613f063dae568ff8319cbfbd
2019-06-25 18:06:38.204  INFO 16508 --- [      Thread-11] o.s.b.a.m.e.EmbeddedMongo                : 2019-06-25T15:06:38.203-0300 I CONTROL  [initandlisten] allocator: tcmalloc
2019-06-25 18:06:38.204  INFO 16508 --- [      Thread-11] o.s.b.a.m.e.EmbeddedMongo                : 2019-06-25T15:06:38.203-0300 I CONTROL  [initandlisten] modules: none
2019-06-25 18:06:38.205  INFO 16508 --- [      Thread-11] o.s.b.a.m.e.EmbeddedMongo                : 2019-06-25T15:06:38.203-0300 I CONTROL  [initandlisten] build environment:
2019-06-25 18:06:38.205  INFO 16508 --- [      Thread-11] o.s.b.a.m.e.EmbeddedMongo                : 2019-06-25T15:06:38.203-0300 I CONTROL  [initandlisten]     distarch: x86_64
2019-06-25 18:06:38.205  INFO 16508 --- [      Thread-11] o.s.b.a.m.e.EmbeddedMongo                : 2019-06-25T15:06:38.203-0300 I CONTROL  [initandlisten]     target_arch: x86_64
2019-06-25 18:06:38.205  INFO 16508 --- [      Thread-11] o.s.b.a.m.e.EmbeddedMongo                : 2019-06-25T15:06:38.204-0300 I CONTROL  [initandlisten] options: { net: { bindIp: "127.0.0.1", http: { enabled: false }, port: 64692 }, security: { authorization: "disabled" }, storage: { dbPath: "C:\Users\User\AppData\Local\Temp\embedmongo-db-87f6b03a-f385-4214-a459-328ff5f1627a", journal: { enabled: false }, mmapv1: { preallocDataFiles: false, smallFiles: true }, syncPeriodSecs: 0.0 } }
2019-06-25 18:06:38.205  INFO 16508 --- [      Thread-11] o.s.b.a.m.e.EmbeddedMongo                : 2019-06-25T15:06:38.205-0300 I STORAGE  [initandlisten] wiredtiger_open config: create,cache_size=3494M,session_max=20000,eviction=(threads_min=4,threads_max=4),config_base=false,statistics=(fast),log=(enabled=true,archive=true,path=journal,compressor=snappy),file_manager=(close_idle_time=100000),checkpoint=(wait=0,log_size=2GB),statistics_log=(wait=0),verbose=(recovery_progress),,log=(enabled=false),
2019-06-25 18:06:38.293  INFO 16508 --- [      Thread-11] o.s.b.a.m.e.EmbeddedMongo                : 2019-06-25T15:06:38.293-0300 W STORAGE  [initandlisten] Detected configuration for non-active storage engine mmapv1 when current storage engine is wiredTiger
2019-06-25 18:06:38.293  INFO 16508 --- [      Thread-11] o.s.b.a.m.e.EmbeddedMongo                : 2019-06-25T15:06:38.293-0300 I CONTROL  [initandlisten] 
2019-06-25 18:06:38.293  INFO 16508 --- [      Thread-11] o.s.b.a.m.e.EmbeddedMongo                : 2019-06-25T15:06:38.293-0300 I CONTROL  [initandlisten] ** NOTE: This is a development version (3.5.5) of MongoDB.
2019-06-25 18:06:38.294  INFO 16508 --- [      Thread-11] o.s.b.a.m.e.EmbeddedMongo                : 2019-06-25T15:06:38.293-0300 I CONTROL  [initandlisten] **       Not recommended for production.
2019-06-25 18:06:38.295  INFO 16508 --- [      Thread-11] o.s.b.a.m.e.EmbeddedMongo                : 2019-06-25T15:06:38.293-0300 I CONTROL  [initandlisten] 
2019-06-25 18:06:38.580  INFO 16508 --- [      Thread-11] o.s.b.a.m.e.EmbeddedMongo                : 2019-06-25T15:06:38.580-0300 W FTDC     [initandlisten] Failed to initialize Performance Counters for FTDC: WindowsPdhError: PdhExpandCounterPathW failed with 'O objeto especificado nÃ£o foi encontrado no computador.' for counter '\Memory\Available Bytes'
2019-06-25 18:06:38.580  INFO 16508 --- [      Thread-11] o.s.b.a.m.e.EmbeddedMongo                : 2019-06-25T15:06:38.580-0300 I FTDC     [initandlisten] Initializing full-time diagnostic data capture with directory 'C:/Users/User/AppData/Local/Temp/embedmongo-db-87f6b03a-f385-4214-a459-328ff5f1627a/diagnostic.data'
2019-06-25 18:06:38.631  INFO 16508 --- [      Thread-11] o.s.b.a.m.e.EmbeddedMongo                : 2019-06-25T15:06:38.631-0300 I INDEX    [initandlisten] build index on: admin.system.version properties: { v: 2, key: { version: 1 }, name: "incompatible_with_version_32", ns: "admin.system.version" }
2019-06-25 18:06:38.631  INFO 16508 --- [      Thread-11] o.s.b.a.m.e.EmbeddedMongo                : 2019-06-25T15:06:38.631-0300 I INDEX    [initandlisten] 	 building index using bulk method; build may temporarily use up to 500 megabytes of RAM
2019-06-25 18:06:38.635  INFO 16508 --- [      Thread-11] o.s.b.a.m.e.EmbeddedMongo                : 2019-06-25T15:06:38.635-0300 I INDEX    [initandlisten] build index done.  scanned 0 total records. 0 secs
2019-06-25 18:06:38.637  INFO 16508 --- [      Thread-11] o.s.b.a.m.e.EmbeddedMongo                : 2019-06-25T15:06:38.637-0300 I COMMAND  [initandlisten] setting featureCompatibilityVersion to 3.4
2019-06-25 18:06:38.638  INFO 16508 --- [      Thread-11] o.s.b.a.m.e.EmbeddedMongo                : 2019-06-25T15:06:38.639-0300 I NETWORK  [thread1] waiting for connections on port 64692
2019-06-25 18:06:38.639  INFO 16508 --- [           main] d.f.e.m.MongodExecutable                 : start de.flapdoodle.embed.mongo.config.MongodConfigBuilder$ImmutableMongodConfig@44c23c38
2019-06-25 18:06:38.652  INFO 16508 --- [           main] o.m.d.cluster                            : Cluster created with settings {hosts=[localhost:64692], mode=MULTIPLE, requiredClusterType=UNKNOWN, serverSelectionTimeout='30000 ms', maxWaitQueueSize=500}
2019-06-25 18:06:38.652  INFO 16508 --- [           main] o.m.d.cluster                            : Adding discovered server localhost:64692 to client view of cluster
2019-06-25 18:06:38.656  INFO 16508 --- [      Thread-11] o.s.b.a.m.e.EmbeddedMongo                : 2019-06-25T15:06:38.656-0300 I NETWORK  [thread1] connection accepted from 127.0.0.1:64700 #1 (1 connection now open)
2019-06-25 18:06:38.666  INFO 16508 --- [      Thread-11] o.s.b.a.m.e.EmbeddedMongo                : 2019-06-25T15:06:38.666-0300 I NETWORK  [conn1] received client metadata from 127.0.0.1:64700 conn1: { driver: { name: "mongo-java-driver", version: "3.8.2" }, os: { type: "Windows", name: "Windows 10", architecture: "amd64", version: "10.0" }, platform: "Java/Oracle Corporation/1.8.0_191-b12" }
2019-06-25 18:06:38.670  INFO 16508 --- [localhost:64692] o.m.d.connection                         : Opened connection [connectionId{localValue:5, serverValue:1}] to localhost:64692
2019-06-25 18:06:38.671  INFO 16508 --- [localhost:64692] o.m.d.cluster                            : Monitor thread successfully connected to server with description ServerDescription{address=localhost:64692, type=STANDALONE, state=CONNECTED, ok=true, version=ServerVersion{versionList=[3, 5, 5]}, minWireVersion=0, maxWireVersion=5, maxDocumentSize=16777216, logicalSessionTimeoutMinutes=null, roundTripTimeNanos=1025706}
2019-06-25 18:06:38.672  INFO 16508 --- [localhost:64692] o.m.d.cluster                            : Discovered cluster type of STANDALONE
2019-06-25 18:06:39.027  INFO 16508 --- [      Thread-11] o.s.b.a.m.e.EmbeddedMongo                : 2019-06-25T15:06:39.027-0300 I NETWORK  [thread1] connection accepted from 127.0.0.1:64701 #2 (2 connections now open)
2019-06-25 18:06:39.075  INFO 16508 --- [      Thread-11] o.s.b.a.m.e.EmbeddedMongo                : 2019-06-25T15:06:39.075-0300 I NETWORK  [conn2] received client metadata from 127.0.0.1:64701 conn2: { driver: { name: "mongo-java-driver", version: "3.8.2" }, os: { type: "Windows", name: "Windows 10", architecture: "amd64", version: "10.0" }, platform: "Java/Oracle Corporation/1.8.0_191-b12" }
2019-06-25 18:06:39.085  INFO 16508 --- [           main] o.m.d.connection                         : Opened connection [connectionId{localValue:6, serverValue:2}] to localhost:64692
2019-06-25 18:06:39.496  WARN 16508 --- [           main] b.c.p.c.Propriedades                     : Configuracao oauth2.prazo.token nao localizada
2019-06-25 18:06:39.498  WARN 16508 --- [           main] s.c.a.AnnotationConfigApplicationContext : Exception encountered during context initialization - cancelling refresh attempt: org.springframework.beans.factory.BeanCreationException: Error creating bean with name 'org.springframework.security.oauth2.config.annotation.web.configuration.AuthorizationServerSecurityConfiguration': Injection of autowired dependencies failed; nested exception is java.lang.NumberFormatException: null
2019-06-25 18:06:39.502  INFO 16508 --- [           main] o.m.d.connection                         : Closed connection [connectionId{localValue:6, serverValue:2}] to localhost:64692 because the pool has been closed.
2019-06-25 18:06:39.503  INFO 16508 --- [      Thread-11] o.s.b.a.m.e.EmbeddedMongo                : 2019-06-25T15:06:39.503-0300 I -        [conn2] end connection 127.0.0.1:64701 (2 connections now open)
2019-06-25 18:06:39.504  INFO 16508 --- [      Thread-11] o.s.b.a.m.e.EmbeddedMongo                : 2019-06-25T15:06:39.504-0300 I -        [conn1] end connection 127.0.0.1:64700 (1 connection now open)
2019-06-25 18:06:39.508  INFO 16508 --- [      Thread-11] o.s.b.a.m.e.EmbeddedMongo                : 2019-06-25T15:06:39.508-0300 I NETWORK  [thread1] connection accepted from 127.0.0.1:64702 #3 (1 connection now open)
2019-06-25 18:06:39.510  INFO 16508 --- [      Thread-11] o.s.b.a.m.e.EmbeddedMongo                : 2019-06-25T15:06:39.510-0300 I COMMAND  [conn3] terminating, shutdown command received
2019-06-25 18:06:39.510  INFO 16508 --- [      Thread-11] o.s.b.a.m.e.EmbeddedMongo                : 2019-06-25T15:06:39.510-0300 I NETWORK  [conn3] shutdown: going to close listening sockets...
2019-06-25 18:06:39.510  INFO 16508 --- [      Thread-11] o.s.b.a.m.e.EmbeddedMongo                : 2019-06-25T15:06:39.510-0300 I NETWORK  [conn3] closing listening socket: 552
2019-06-25 18:06:39.510  INFO 16508 --- [      Thread-11] o.s.b.a.m.e.EmbeddedMongo                : 2019-06-25T15:06:39.510-0300 I NETWORK  [conn3] shutdown: going to flush diaglog...
2019-06-25 18:06:39.511  INFO 16508 --- [      Thread-11] o.s.b.a.m.e.EmbeddedMongo                : 2019-06-25T15:06:39.510-0300 I FTDC     [conn3] Shutting down full-time diagnostic data capture
2019-06-25 18:06:39.518  INFO 16508 --- [      Thread-11] o.s.b.a.m.e.EmbeddedMongo                : 2019-06-25T15:06:39.518-0300 I STORAGE  [conn3] WiredTigerKVEngine shutting down
2019-06-25 18:06:39.567  INFO 16508 --- [      Thread-11] o.s.b.a.m.e.EmbeddedMongo                : 2019-06-25T15:06:39.567-0300 I STORAGE  [conn3] shutdown: removing fs lock...
2019-06-25 18:06:39.567  INFO 16508 --- [      Thread-11] o.s.b.a.m.e.EmbeddedMongo                : 2019-06-25T15:06:39.567-0300 I CONTROL  [conn3] now exiting
2019-06-25 18:06:39.567  INFO 16508 --- [      Thread-11] o.s.b.a.m.e.EmbeddedMongo                : 2019-06-25T15:06:39.567-0300 I CONTROL  [conn3] shutting down with code:0
2019-06-25 18:06:39.686  INFO 16508 --- [           main] ConditionEvaluationReportLoggingListener : 

Error starting ApplicationContext. To display the conditions report re-run your application with 'debug' enabled.
2019-06-25 18:06:39.686 ERROR 16508 --- [           main] o.s.b.SpringApplication                  : Application run failed

org.springframework.beans.factory.BeanCreationException: Error creating bean with name 'org.springframework.security.oauth2.config.annotation.web.configuration.AuthorizationServerSecurityConfiguration': Injection of autowired dependencies failed; nested exception is java.lang.NumberFormatException: null
	at org.springframework.beans.factory.annotation.AutowiredAnnotationBeanPostProcessor.postProcessProperties(AutowiredAnnotationBeanPostProcessor.java:380) ~[spring-beans-5.1.7.RELEASE.jar:5.1.7.RELEASE]
	at org.springframework.beans.factory.support.AbstractAutowireCapableBeanFactory.populateBean(AbstractAutowireCapableBeanFactory.java:1411) ~[spring-beans-5.1.7.RELEASE.jar:5.1.7.RELEASE]
	at org.springframework.beans.factory.support.AbstractAutowireCapableBeanFactory.doCreateBean(AbstractAutowireCapableBeanFactory.java:592) ~[spring-beans-5.1.7.RELEASE.jar:5.1.7.RELEASE]
	at org.springframework.beans.factory.support.AbstractAutowireCapableBeanFactory.createBean(AbstractAutowireCapableBeanFactory.java:515) ~[spring-beans-5.1.7.RELEASE.jar:5.1.7.RELEASE]
	at org.springframework.beans.factory.support.AbstractBeanFactory.lambda$doGetBean$0(AbstractBeanFactory.java:320) ~[spring-beans-5.1.7.RELEASE.jar:5.1.7.RELEASE]
	at org.springframework.beans.factory.support.DefaultSingletonBeanRegistry.getSingleton(DefaultSingletonBeanRegistry.java:222) ~[spring-beans-5.1.7.RELEASE.jar:5.1.7.RELEASE]
	at org.springframework.beans.factory.support.AbstractBeanFactory.doGetBean(AbstractBeanFactory.java:318) ~[spring-beans-5.1.7.RELEASE.jar:5.1.7.RELEASE]
	at org.springframework.beans.factory.support.AbstractBeanFactory.getBean(AbstractBeanFactory.java:199) ~[spring-beans-5.1.7.RELEASE.jar:5.1.7.RELEASE]
	at org.springframework.beans.factory.support.DefaultListableBeanFactory.preInstantiateSingletons(DefaultListableBeanFactory.java:843) ~[spring-beans-5.1.7.RELEASE.jar:5.1.7.RELEASE]
	at org.springframework.context.support.AbstractApplicationContext.finishBeanFactoryInitialization(AbstractApplicationContext.java:877) ~[spring-context-5.1.7.RELEASE.jar:5.1.7.RELEASE]
	at org.springframework.context.support.AbstractApplicationContext.refresh(AbstractApplicationContext.java:549) ~[spring-context-5.1.7.RELEASE.jar:5.1.7.RELEASE]
	at org.springframework.boot.SpringApplication.refresh(SpringApplication.java:775) [spring-boot-2.1.5.RELEASE.jar:2.1.5.RELEASE]
	at org.springframework.boot.SpringApplication.refreshContext(SpringApplication.java:397) [spring-boot-2.1.5.RELEASE.jar:2.1.5.RELEASE]
	at org.springframework.boot.SpringApplication.run(SpringApplication.java:316) [spring-boot-2.1.5.RELEASE.jar:2.1.5.RELEASE]
	at org.springframework.boot.test.context.SpringBootContextLoader.loadContext(SpringBootContextLoader.java:127) [spring-boot-test-2.1.5.RELEASE.jar:2.1.5.RELEASE]
	at org.springframework.test.context.cache.DefaultCacheAwareContextLoaderDelegate.loadContextInternal(DefaultCacheAwareContextLoaderDelegate.java:99) [spring-test-5.1.7.RELEASE.jar:5.1.7.RELEASE]
	at org.springframework.test.context.cache.DefaultCacheAwareContextLoaderDelegate.loadContext(DefaultCacheAwareContextLoaderDelegate.java:117) [spring-test-5.1.7.RELEASE.jar:5.1.7.RELEASE]
	at org.springframework.test.context.support.DefaultTestContext.getApplicationContext(DefaultTestContext.java:108) [spring-test-5.1.7.RELEASE.jar:5.1.7.RELEASE]
	at org.springframework.test.context.support.DependencyInjectionTestExecutionListener.injectDependencies(DependencyInjectionTestExecutionListener.java:118) [spring-test-5.1.7.RELEASE.jar:5.1.7.RELEASE]
	at org.springframework.test.context.support.DependencyInjectionTestExecutionListener.prepareTestInstance(DependencyInjectionTestExecutionListener.java:83) [spring-test-5.1.7.RELEASE.jar:5.1.7.RELEASE]
	at org.springframework.boot.test.autoconfigure.SpringBootDependencyInjectionTestExecutionListener.prepareTestInstance(SpringBootDependencyInjectionTestExecutionListener.java:44) [spring-boot-test-autoconfigure-2.1.5.RELEASE.jar:2.1.5.RELEASE]
	at org.springframework.test.context.TestContextManager.prepareTestInstance(TestContextManager.java:246) [spring-test-5.1.7.RELEASE.jar:5.1.7.RELEASE]
	at org.springframework.test.context.junit4.SpringJUnit4ClassRunner.createTest(SpringJUnit4ClassRunner.java:227) [spring-test-5.1.7.RELEASE.jar:5.1.7.RELEASE]
	at org.springframework.test.context.junit4.SpringJUnit4ClassRunner$1.runReflectiveCall(SpringJUnit4ClassRunner.java:289) [spring-test-5.1.7.RELEASE.jar:5.1.7.RELEASE]
	at org.junit.internal.runners.model.ReflectiveCallable.run(ReflectiveCallable.java:12) [junit-4.12.jar:4.12]
	at org.springframework.test.context.junit4.SpringJUnit4ClassRunner.methodBlock(SpringJUnit4ClassRunner.java:291) [spring-test-5.1.7.RELEASE.jar:5.1.7.RELEASE]
	at org.springframework.test.context.junit4.SpringJUnit4ClassRunner.runChild(SpringJUnit4ClassRunner.java:246) [spring-test-5.1.7.RELEASE.jar:5.1.7.RELEASE]
	at org.springframework.test.context.junit4.SpringJUnit4ClassRunner.runChild(SpringJUnit4ClassRunner.java:97) [spring-test-5.1.7.RELEASE.jar:5.1.7.RELEASE]
	at org.junit.runners.ParentRunner$3.run(ParentRunner.java:290) [junit-4.12.jar:4.12]
	at org.junit.runners.ParentRunner$1.schedule(ParentRunner.java:71) [junit-4.12.jar:4.12]
	at org.junit.runners.ParentRunner.runChildren(ParentRunner.java:288) [junit-4.12.jar:4.12]
	at org.junit.runners.ParentRunner.access$000(ParentRunner.java:58) [junit-4.12.jar:4.12]
	at org.junit.runners.ParentRunner$2.evaluate(ParentRunner.java:268) [junit-4.12.jar:4.12]
	at org.springframework.test.context.junit4.statements.RunBeforeTestClassCallbacks.evaluate(RunBeforeTestClassCallbacks.java:61) [spring-test-5.1.7.RELEASE.jar:5.1.7.RELEASE]
	at org.springframework.test.context.junit4.statements.RunAfterTestClassCallbacks.evaluate(RunAfterTestClassCallbacks.java:70) [spring-test-5.1.7.RELEASE.jar:5.1.7.RELEASE]
	at org.junit.runners.ParentRunner.run(ParentRunner.java:363) [junit-4.12.jar:4.12]
	at org.springframework.test.context.junit4.SpringJUnit4ClassRunner.run(SpringJUnit4ClassRunner.java:190) [spring-test-5.1.7.RELEASE.jar:5.1.7.RELEASE]
	at org.powermock.modules.junit4.internal.impl.DelegatingPowerMockRunner$2.call(DelegatingPowerMockRunner.java:149) [powermock-module-junit4-2.0.2.jar:2.0.2]
	at org.powermock.modules.junit4.internal.impl.DelegatingPowerMockRunner$2.call(DelegatingPowerMockRunner.java:141) [powermock-module-junit4-2.0.2.jar:2.0.2]
	at org.powermock.modules.junit4.internal.impl.DelegatingPowerMockRunner.withContextClassLoader(DelegatingPowerMockRunner.java:132) [powermock-module-junit4-2.0.2.jar:2.0.2]
[...]
	at org.springframework.test.context.cache.DefaultCacheAwareContextLoaderDelegate.loadContextInternal(DefaultCacheAwareContextLoaderDelegate.java:99) [spring-test-5.1.7.RELEASE.jar:5.1.7.RELEASE]
	at org.springframework.test.context.cache.DefaultCacheAwareContextLoaderDelegate.loadContext(DefaultCacheAwareContextLoaderDelegate.java:117) [spring-test-5.1.7.RELEASE.jar:5.1.7.RELEASE]
	at org.springframework.test.context.support.DefaultTestContext.getApplicationContext(DefaultTestContext.java:108) [spring-test-5.1.7.RELEASE.jar:5.1.7.RELEASE]
	at org.springframework.boot.test.autoconfigure.SpringBootDependencyInjectionTestExecutionListener.outputConditionEvaluationReport(SpringBootDependencyInjectionTestExecutionListener.java:54) [spring-boot-test-autoconfigure-2.1.5.RELEASE.jar:2.1.5.RELEASE]
	at org.springframework.boot.test.autoconfigure.SpringBootDependencyInjectionTestExecutionListener.prepareTestInstance(SpringBootDependencyInjectionTestExecutionListener.java:47) [spring-boot-test-autoconfigure-2.1.5.RELEASE.jar:2.1.5.RELEASE]
	at org.springframework.test.context.TestContextManager.prepareTestInstance(TestContextManager.java:246) [spring-test-5.1.7.RELEASE.jar:5.1.7.RELEASE]
	at org.springframework.test.context.junit4.SpringJUnit4ClassRunner.createTest(SpringJUnit4ClassRunner.java:227) [spring-test-5.1.7.RELEASE.jar:5.1.7.RELEASE]
	at org.springframework.test.context.junit4.SpringJUnit4ClassRunner$1.runReflectiveCall(SpringJUnit4ClassRunner.java:289) [spring-test-5.1.7.RELEASE.jar:5.1.7.RELEASE]
	at org.junit.internal.runners.model.ReflectiveCallable.run(ReflectiveCallable.java:12) [junit-4.12.jar:4.12]
	at org.springframework.test.context.junit4.SpringJUnit4ClassRunner.methodBlock(SpringJUnit4ClassRunner.java:291) [spring-test-5.1.7.RELEASE.jar:5.1.7.RELEASE]
	at org.springframework.test.context.junit4.SpringJUnit4ClassRunner.runChild(SpringJUnit4ClassRunner.java:246) [spring-test-5.1.7.RELEASE.jar:5.1.7.RELEASE]
	at org.springframework.test.context.junit4.SpringJUnit4ClassRunner.runChild(SpringJUnit4ClassRunner.java:97) [spring-test-5.1.7.RELEASE.jar:5.1.7.RELEASE]
	at org.junit.runners.ParentRunner$3.run(ParentRunner.java:290) [junit-4.12.jar:4.12]
	at org.junit.runners.ParentRunner$1.schedule(ParentRunner.java:71) [junit-4.12.jar:4.12]
	at org.junit.runners.ParentRunner.runChildren(ParentRunner.java:288) [junit-4.12.jar:4.12]
	at org.junit.runners.ParentRunner.access$000(ParentRunner.java:58) [junit-4.12.jar:4.12]
	at org.junit.runners.ParentRunner$2.evaluate(ParentRunner.java:268) [junit-4.12.jar:4.12]
	at org.springframework.test.context.junit4.statements.RunBeforeTestClassCallbacks.evaluate(RunBeforeTestClassCallbacks.java:61) [spring-test-5.1.7.RELEASE.jar:5.1.7.RELEASE]
	at org.springframework.test.context.junit4.statements.RunAfterTestClassCallbacks.evaluate(RunAfterTestClassCallbacks.java:70) [spring-test-5.1.7.RELEASE.jar:5.1.7.RELEASE]
	at org.junit.runners.ParentRunner.run(ParentRunner.java:363) [junit-4.12.jar:4.12]
	at org.springframework.test.context.junit4.SpringJUnit4ClassRunner.run(SpringJUnit4ClassRunner.java:190) [spring-test-5.1.7.RELEASE.jar:5.1.7.RELEASE]
	at org.powermock.modules.junit4.internal.impl.DelegatingPowerMockRunner$2.call(DelegatingPowerMockRunner.java:149) [powermock-module-junit4-2.0.2.jar:2.0.2]
	at org.powermock.modules.junit4.internal.impl.DelegatingPowerMockRunner$2.call(DelegatingPowerMockRunner.java:141) [powermock-module-junit4-2.0.2.jar:2.0.2]
	at org.powermock.modules.junit4.internal.impl.DelegatingPowerMockRunner.withContextClassLoader(DelegatingPowerMockRunner.java:132) [powermock-module-junit4-2.0.2.jar:2.0.2]
	at org.powermock.modules.junit4.internal.impl.DelegatingPowerMockRunner.run(DelegatingPowerMockRunner.java:141) [powermock-module-junit4-2.0.2.jar:2.0.2]
	at org.powermock.modules.junit4.common.internal.impl.JUnit4TestSuiteChunkerImpl.run(JUnit4TestSuiteChunkerImpl.java:117) [powermock-module-junit4-common-2.0.2.jar:2.0.2]
	at org.powermock.modules.junit4.common.internal.impl.AbstractCommonPowerMockRunner.run(AbstractCommonPowerMockRunner.java:57) [powermock-module-junit4-common-2.0.2.jar:2.0.2]
	at org.powermock.modules.junit4.PowerMockRunner.run(PowerMockRunner.java:59) [powermock-module-junit4-2.0.2.jar:2.0.2]
	at org.apache.maven.surefire.junit4.JUnit4Provider.execute(JUnit4Provider.java:365) [surefire-junit4-2.22.2.jar:2.22.2]
	at org.apache.maven.surefire.junit4.JUnit4Provider.executeWithRerun(JUnit4Provider.java:273) [surefire-junit4-2.22.2.jar:2.22.2]
	at org.apache.maven.surefire.junit4.JUnit4Provider.executeTestSet(JUnit4Provider.java:238) [surefire-junit4-2.22.2.jar:2.22.2]
	at org.apache.maven.surefire.junit4.JUnit4Provider.invoke(JUnit4Provider.java:159) [surefire-junit4-2.22.2.jar:2.22.2]
	at org.apache.maven.surefire.booter.ForkedBooter.invokeProviderInSameClassLoader(ForkedBooter.java:384) [surefire-booter-2.22.2.jar:2.22.2]
	at org.apache.maven.surefire.booter.ForkedBooter.runSuitesInProcess(ForkedBooter.java:345) [surefire-booter-2.22.2.jar:2.22.2]
	at org.apache.maven.surefire.booter.ForkedBooter.execute(ForkedBooter.java:126) [surefire-booter-2.22.2.jar:2.22.2]
	at org.apache.maven.surefire.booter.ForkedBooter.main(ForkedBooter.java:418) [surefire-booter-2.22.2.jar:2.22.2]
Caused by: java.lang.NumberFormatException: null
	at java.lang.Integer.parseInt(Integer.java:542) ~[?:1.8.0_191]
	at java.lang.Integer.valueOf(Integer.java:766) ~[?:1.8.0_191]
	at br.com.pdv.security.AuthorizationServerConfiguration.inicializaCredenciais(AuthorizationServerConfiguration.java:51) ~[classes/:?]
	at br.com.pdv.security.AuthorizationServerConfiguration.configure(AuthorizationServerConfiguration.java:39) ~[classes/:?]
	at org.springframework.security.oauth2.config.annotation.web.configuration.AuthorizationServerSecurityConfiguration.configure(AuthorizationServerSecurityConfiguration.java:58) ~[spring-security-oauth2-2.3.5.RELEASE.jar:?]
	at sun.reflect.NativeMethodAccessorImpl.invoke0(Native Method) ~[?:1.8.0_191]
	at sun.reflect.NativeMethodAccessorImpl.invoke(NativeMethodAccessorImpl.java:62) ~[?:1.8.0_191]
	at sun.reflect.DelegatingMethodAccessorImpl.invoke(DelegatingMethodAccessorImpl.java:43) ~[?:1.8.0_191]
	at java.lang.reflect.Method.invoke(Method.java:498) ~[?:1.8.0_191]
	at org.springframework.beans.factory.annotation.AutowiredAnnotationBeanPostProcessor$AutowiredMethodElement.inject(AutowiredAnnotationBeanPostProcessor.java:708) ~[spring-beans-5.1.7.RELEASE.jar:5.1.7.RELEASE]
	at org.springframework.beans.factory.annotation.InjectionMetadata.inject(InjectionMetadata.java:90) ~[spring-beans-5.1.7.RELEASE.jar:5.1.7.RELEASE]
	at org.springframework.beans.factory.annotation.AutowiredAnnotationBeanPostProcessor.postProcessProperties(AutowiredAnnotationBeanPostProcessor.java:374) ~[spring-beans-5.1.7.RELEASE.jar:5.1.7.RELEASE]
	... 50 more

2019-06-25 18:06:53.659 ERROR 16508 --- [           main] o.s.t.c.TestContextManager               : Caught exception while allowing TestExecutionListener [org.springframework.boot.test.autoconfigure.SpringBootDependencyInjectionTestExecutionListener@35a0458] to prepare test instance [br.com.pdv.service.ClienteServiceTest@7b92e01b]

java.lang.IllegalStateException: Failed to load ApplicationContext
	at org.springframework.test.context.cache.DefaultCacheAwareContextLoaderDelegate.loadContext(DefaultCacheAwareContextLoaderDelegate.java:125) ~[spring-test-5.1.7.RELEASE.jar:5.1.7.RELEASE]
	at org.springframework.test.context.support.DefaultTestContext.getApplicationContext(DefaultTestContext.java:108) ~[spring-test-5.1.7.RELEASE.jar:5.1.7.RELEASE]
	at org.springframework.test.context.support.DependencyInjectionTestExecutionListener.injectDependencies(DependencyInjectionTestExecutionListener.java:118) ~[spring-test-5.1.7.RELEASE.jar:5.1.7.RELEASE]
	at org.springframework.test.context.support.DependencyInjectionTestExecutionListener.prepareTestInstance(DependencyInjectionTestExecutionListener.java:83) ~[spring-test-5.1.7.RELEASE.jar:5.1.7.RELEASE]
	at org.springframework.boot.test.autoconfigure.SpringBootDependencyInjectionTestExecutionListener.prepareTestInstance(SpringBootDependencyInjectionTestExecutionListener.java:44) ~[spring-boot-test-autoconfigure-2.1.5.RELEASE.jar:2.1.5.RELEASE]
	at org.springframework.test.context.TestContextManager.prepareTestInstance(TestContextManager.java:246) [spring-test-5.1.7.RELEASE.jar:5.1.7.RELEASE]
	at org.springframework.test.context.junit4.SpringJUnit4ClassRunner.createTest(SpringJUnit4ClassRunner.java:227) [spring-test-5.1.7.RELEASE.jar:5.1.7.RELEASE]
	at org.springframework.test.context.junit4.SpringJUnit4ClassRunner$1.runReflectiveCall(SpringJUnit4ClassRunner.java:289) [spring-test-5.1.7.RELEASE.jar:5.1.7.RELEASE]
	at org.junit.internal.runners.model.ReflectiveCallable.run(ReflectiveCallable.java:12) [junit-4.12.jar:4.12]
	at org.springframework.test.context.junit4.SpringJUnit4ClassRunner.methodBlock(SpringJUnit4ClassRunner.java:291) [spring-test-5.1.7.RELEASE.jar:5.1.7.RELEASE]
	at org.springframework.test.context.junit4.SpringJUnit4ClassRunner.runChild(SpringJUnit4ClassRunner.java:246) [spring-test-5.1.7.RELEASE.jar:5.1.7.RELEASE]
	at org.springframework.test.context.junit4.SpringJUnit4ClassRunner.runChild(SpringJUnit4ClassRunner.java:97) [spring-test-5.1.7.RELEASE.jar:5.1.7.RELEASE]
	at org.junit.runners.ParentRunner$3.run(ParentRunner.java:290) [junit-4.12.jar:4.12]
	at org.junit.runners.ParentRunner$1.schedule(ParentRunner.java:71) [junit-4.12.jar:4.12]
	at org.junit.runners.ParentRunner.runChildren(ParentRunner.java:288) [junit-4.12.jar:4.12]
	at org.junit.runners.ParentRunner.access$000(ParentRunner.java:58) [junit-4.12.jar:4.12]
	at org.junit.runners.ParentRunner$2.evaluate(ParentRunner.java:268) [junit-4.12.jar:4.12]
	at org.springframework.test.context.junit4.statements.RunBeforeTestClassCallbacks.evaluate(RunBeforeTestClassCallbacks.java:61) [spring-test-5.1.7.RELEASE.jar:5.1.7.RELEASE]
	at org.springframework.test.context.junit4.statements.RunAfterTestClassCallbacks.evaluate(RunAfterTestClassCallbacks.java:70) [spring-test-5.1.7.RELEASE.jar:5.1.7.RELEASE]
	at org.junit.runners.ParentRunner.run(ParentRunner.java:363) [junit-4.12.jar:4.12]
	at org.springframework.test.context.junit4.SpringJUnit4ClassRunner.run(SpringJUnit4ClassRunner.java:190) [spring-test-5.1.7.RELEASE.jar:5.1.7.RELEASE]
	at org.powermock.modules.junit4.internal.impl.DelegatingPowerMockRunner$2.call(DelegatingPowerMockRunner.java:149) [powermock-module-junit4-2.0.2.jar:2.0.2]
	at org.powermock.modules.junit4.internal.impl.DelegatingPowerMockRunner$2.call(DelegatingPowerMockRunner.java:141) [powermock-module-junit4-2.0.2.jar:2.0.2]
	at org.powermock.modules.junit4.internal.impl.DelegatingPowerMockRunner.withContextClassLoader(DelegatingPowerMockRunner.java:132) [powermock-module-junit4-2.0.2.jar:2.0.2]
	at org.powermock.modules.junit4.internal.impl.DelegatingPowerMockRunner.run(DelegatingPowerMockRunner.java:141) [powermock-module-junit4-2.0.2.jar:2.0.2]
	at org.powermock.modules.junit4.common.internal.impl.JUnit4TestSuiteChunkerImpl.run(JUnit4TestSuiteChunkerImpl.java:117) [powermock-module-junit4-common-2.0.2.jar:2.0.2]
	at org.powermock.modules.junit4.common.internal.impl.AbstractCommonPowerMockRunner.run(AbstractCommonPowerMockRunner.java:57) [powermock-module-junit4-common-2.0.2.jar:2.0.2]
	at org.powermock.modules.junit4.PowerMockRunner.run(PowerMockRunner.java:59) [powermock-module-junit4-2.0.2.jar:2.0.2]
	at org.apache.maven.surefire.junit4.JUnit4Provider.execute(JUnit4Provider.java:365) [surefire-junit4-2.22.2.jar:2.22.2]
	at org.apache.maven.surefire.junit4.JUnit4Provider.executeWithRerun(JUnit4Provider.java:273) [surefire-junit4-2.22.2.jar:2.22.2]
	at org.apache.maven.surefire.junit4.JUnit4Provider.executeTestSet(JUnit4Provider.java:238) [surefire-junit4-2.22.2.jar:2.22.2]
	at org.apache.maven.surefire.junit4.JUnit4Provider.invoke(JUnit4Provider.java:159) [surefire-junit4-2.22.2.jar:2.22.2]
	at org.apache.maven.surefire.booter.ForkedBooter.invokeProviderInSameClassLoader(ForkedBooter.java:384) [surefire-booter-2.22.2.jar:2.22.2]
	at org.apache.maven.surefire.booter.ForkedBooter.runSuitesInProcess(ForkedBooter.java:345) [surefire-booter-2.22.2.jar:2.22.2]
	at org.apache.maven.surefire.booter.ForkedBooter.execute(ForkedBooter.java:126) [surefire-booter-2.22.2.jar:2.22.2]
	at org.apache.maven.surefire.booter.ForkedBooter.main(ForkedBooter.java:418) [surefire-booter-2.22.2.jar:2.22.2]
Caused by: org.springframework.beans.factory.BeanCreationException: Error creating bean with name 'org.springframework.security.oauth2.config.annotation.web.configuration.AuthorizationServerSecurityConfiguration': Injection of autowired dependencies failed; nested exception is java.lang.NumberFormatException: null
	at org.springframework.beans.factory.annotation.AutowiredAnnotationBeanPostProcessor.postProcessProperties(AutowiredAnnotationBeanPostProcessor.java:380) ~[spring-beans-5.1.7.RELEASE.jar:5.1.7.RELEASE]
	at org.springframework.beans.factory.support.AbstractAutowireCapableBeanFactory.populateBean(AbstractAutowireCapableBeanFactory.java:1411) ~[spring-beans-5.1.7.RELEASE.jar:5.1.7.RELEASE]
	at org.springframework.beans.factory.support.AbstractAutowireCapableBeanFactory.doCreateBean(AbstractAutowireCapableBeanFactory.java:592) ~[spring-beans-5.1.7.RELEASE.jar:5.1.7.RELEASE]
	at org.springframework.beans.factory.support.AbstractAutowireCapableBeanFactory.createBean(AbstractAutowireCapableBeanFactory.java:515) ~[spring-beans-5.1.7.RELEASE.jar:5.1.7.RELEASE]
	at org.springframework.beans.factory.support.AbstractBeanFactory.lambda$doGetBean$0(AbstractBeanFactory.java:320) ~[spring-beans-5.1.7.RELEASE.jar:5.1.7.RELEASE]
	at org.springframework.beans.factory.support.DefaultSingletonBeanRegistry.getSingleton(DefaultSingletonBeanRegistry.java:222) ~[spring-beans-5.1.7.RELEASE.jar:5.1.7.RELEASE]
	at org.springframework.beans.factory.support.AbstractBeanFactory.doGetBean(AbstractBeanFactory.java:318) ~[spring-beans-5.1.7.RELEASE.jar:5.1.7.RELEASE]
	at org.springframework.beans.factory.support.AbstractBeanFactory.getBean(AbstractBeanFactory.java:199) ~[spring-beans-5.1.7.RELEASE.jar:5.1.7.RELEASE]
	at org.springframework.beans.factory.support.DefaultListableBeanFactory.preInstantiateSingletons(DefaultListableBeanFactory.java:843) ~[spring-beans-5.1.7.RELEASE.jar:5.1.7.RELEASE]
	at org.springframework.context.support.AbstractApplicationContext.finishBeanFactoryInitialization(AbstractApplicationContext.java:877) ~[spring-context-5.1.7.RELEASE.jar:5.1.7.RELEASE]
	at org.springframework.context.support.AbstractApplicationContext.refresh(AbstractApplicationContext.java:549) ~[spring-context-5.1.7.RELEASE.jar:5.1.7.RELEASE]
	at org.springframework.boot.SpringApplication.refresh(SpringApplication.java:775) ~[spring-boot-2.1.5.RELEASE.jar:2.1.5.RELEASE]
	at org.springframework.boot.SpringApplication.refreshContext(SpringApplication.java:397) ~[spring-boot-2.1.5.RELEASE.jar:2.1.5.RELEASE]
	at org.springframework.boot.SpringApplication.run(SpringApplication.java:316) ~[spring-boot-2.1.5.RELEASE.jar:2.1.5.RELEASE]
	at org.springframework.boot.test.context.SpringBootContextLoader.loadContext(SpringBootContextLoader.java:127) ~[spring-boot-test-2.1.5.RELEASE.jar:2.1.5.RELEASE]
	at org.springframework.test.context.cache.DefaultCacheAwareContextLoaderDelegate.loadContextInternal(DefaultCacheAwareContextLoaderDelegate.java:99) ~[spring-test-5.1.7.RELEASE.jar:5.1.7.RELEASE]
	at org.springframework.test.context.cache.DefaultCacheAwareContextLoaderDelegate.loadContext(DefaultCacheAwareContextLoaderDelegate.java:117) ~[spring-test-5.1.7.RELEASE.jar:5.1.7.RELEASE]
	... 35 more
Caused by: java.lang.NumberFormatException: null
	at java.lang.Integer.parseInt(Integer.java:542) ~[?:1.8.0_191]
	at java.lang.Integer.valueOf(Integer.java:766) ~[?:1.8.0_191]
	at br.com.pdv.security.AuthorizationServerConfiguration.inicializaCredenciais(AuthorizationServerConfiguration.java:51) ~[classes/:?]
	at br.com.pdv.security.AuthorizationServerConfiguration.configure(AuthorizationServerConfiguration.java:39) ~[classes/:?]
	at org.springframework.security.oauth2.config.annotation.web.configuration.AuthorizationServerSecurityConfiguration.configure(AuthorizationServerSecurityConfiguration.java:58) ~[spring-security-oauth2-2.3.5.RELEASE.jar:?]
	at sun.reflect.NativeMethodAccessorImpl.invoke0(Native Method) ~[?:1.8.0_191]
	at sun.reflect.NativeMethodAccessorImpl.invoke(NativeMethodAccessorImpl.java:62) ~[?:1.8.0_191]
	at sun.reflect.DelegatingMethodAccessorImpl.invoke(DelegatingMethodAccessorImpl.java:43) ~[?:1.8.0_191]
	at java.lang.reflect.Method.invoke(Method.java:498) ~[?:1.8.0_191]
	at org.springframework.beans.factory.annotation.AutowiredAnnotationBeanPostProcessor$AutowiredMethodElement.inject(AutowiredAnnotationBeanPostProcessor.java:708) ~[spring-beans-5.1.7.RELEASE.jar:5.1.7.RELEASE]
	at org.springframework.beans.factory.annotation.InjectionMetadata.inject(InjectionMetadata.java:90) ~[spring-beans-5.1.7.RELEASE.jar:5.1.7.RELEASE]
	at org.springframework.beans.factory.annotation.AutowiredAnnotationBeanPostProcessor.postProcessProperties(AutowiredAnnotationBeanPostProcessor.java:374) ~[spring-beans-5.1.7.RELEASE.jar:5.1.7.RELEASE]
	at org.springframework.beans.factory.support.AbstractAutowireCapableBeanFactory.populateBean(AbstractAutowireCapableBeanFactory.java:1411) ~[spring-beans-5.1.7.RELEASE.jar:5.1.7.RELEASE]
	at org.springframework.beans.factory.support.AbstractAutowireCapableBeanFactory.doCreateBean(AbstractAutowireCapableBeanFactory.java:592) ~[spring-beans-5.1.7.RELEASE.jar:5.1.7.RELEASE]
	at org.springframework.beans.factory.support.AbstractAutowireCapableBeanFactory.createBean(AbstractAutowireCapableBeanFactory.java:515) ~[spring-beans-5.1.7.RELEASE.jar:5.1.7.RELEASE]
	at org.springframework.beans.factory.support.AbstractBeanFactory.lambda$doGetBean$0(AbstractBeanFactory.java:320) ~[spring-beans-5.1.7.RELEASE.jar:5.1.7.RELEASE]
	at org.springframework.beans.factory.support.DefaultSingletonBeanRegistry.getSingleton(DefaultSingletonBeanRegistry.java:222) ~[spring-beans-5.1.7.RELEASE.jar:5.1.7.RELEASE]
	at org.springframework.beans.factory.support.AbstractBeanFactory.doGetBean(AbstractBeanFactory.java:318) ~[spring-beans-5.1.7.RELEASE.jar:5.1.7.RELEASE]
	at org.springframework.beans.factory.support.AbstractBeanFactory.getBean(AbstractBeanFactory.java:199) ~[spring-beans-5.1.7.RELEASE.jar:5.1.7.RELEASE]
	at org.springframework.beans.factory.support.DefaultListableBeanFactory.preInstantiateSingletons(DefaultListableBeanFactory.java:843) ~[spring-beans-5.1.7.RELEASE.jar:5.1.7.RELEASE]
	at org.springframework.context.support.AbstractApplicationContext.finishBeanFactoryInitialization(AbstractApplicationContext.java:877) ~[spring-context-5.1.7.RELEASE.jar:5.1.7.RELEASE]
	at org.springframework.context.support.AbstractApplicationContext.refresh(AbstractApplicationContext.java:549) ~[spring-context-5.1.7.RELEASE.jar:5.1.7.RELEASE]
	at org.springframework.boot.SpringApplication.refresh(SpringApplication.java:775) ~[spring-boot-2.1.5.RELEASE.jar:2.1.5.RELEASE]
	at org.springframework.boot.SpringApplication.refreshContext(SpringApplication.java:397) ~[spring-boot-2.1.5.RELEASE.jar:2.1.5.RELEASE]
	at org.springframework.boot.SpringApplication.run(SpringApplication.java:316) ~[spring-boot-2.1.5.RELEASE.jar:2.1.5.RELEASE]
	at org.springframework.boot.test.context.SpringBootContextLoader.loadContext(SpringBootContextLoader.java:127) ~[spring-boot-test-2.1.5.RELEASE.jar:2.1.5.RELEASE]
	at org.springframework.test.context.cache.DefaultCacheAwareContextLoaderDelegate.loadContextInternal(DefaultCacheAwareContextLoaderDelegate.java:99) ~[spring-test-5.1.7.RELEASE.jar:5.1.7.RELEASE]
	at org.springframework.test.context.cache.DefaultCacheAwareContextLoaderDelegate.loadContext(DefaultCacheAwareContextLoaderDelegate.java:117) ~[spring-test-5.1.7.RELEASE.jar:5.1.7.RELEASE]
	... 35 more

]]></system-out>
  </testcase>
</testsuite>